#
# A fatal error has been detected by the Java Runtime Environment:
#
#  SIGSEGV (0xb) at pc=0x00007f8500f535e6, pid=30245, tid=0x00007f849bfff700
#
# JRE version: OpenJDK Runtime Environment (8.0_191-b12) (build 1.8.0_191-8u191-b12-0ubuntu0.18.04.1-b12)
# Java VM: OpenJDK 64-Bit Server VM (25.191-b12 mixed mode linux-amd64 compressed oops)
# Problematic frame:
# V  [libjvm.so+0x69f5e6]
#
# Failed to write core dump. Core dumps have been disabled. To enable core dumping, try "ulimit -c unlimited" before starting Java again
#
# If you would like to submit a bug report, please visit:
#   http://bugreport.java.com/bugreport/crash.jsp
#

---------------  T H R E A D  ---------------

Current thread (0x00007f84f8339800):  JavaThread "JavaFX Application Thread" [_thread_in_vm, id=30265, stack(0x00007f849beff000,0x00007f849c000000)]

siginfo: si_signo: 11 (SIGSEGV), si_code: 128 (SI_KERNEL), si_addr: 0x0000000000000000

Registers:
RAX=0x0000000000000000, RBX=0x00007f84f8339800, RCX=0x00007f84f827dd18, RDX=0x4e474945524f462c
RSP=0x00007f849bffe1b0, RBP=0x00007f849bffe330, RSI=0x00007f849bffe350, RDI=0x00007f84f83399e0
R8 =0x00007f849bffe380, R9 =0x00007f84f8339800, R10=0x00007f8494000d78, R11=0x00007f84e94284e0
R12=0x00007f84f83399e0, R13=0x00007f84f827dd18, R14=0x00007f849bffe380, R15=0x00007f84f8339800
RIP=0x00007f8500f535e6, EFLAGS=0x0000000000010202, CSGSFS=0x002b000000000033, ERR=0x0000000000000000
  TRAPNO=0x000000000000000d

Top of Stack: (sp=0x00007f849bffe1b0)
0x00007f849bffe1b0:   00007f849bffe2c0 00007f8500f33eb9
0x00007f849bffe1c0:   0000000000000000 00007f849bffe200
0x00007f849bffe1d0:   00007f849bffe1f0 00007f84f83399e0
0x00007f849bffe1e0:   0000000000000004 00007f84f82d4118
0x00007f849bffe1f0:   00007f84fd9c0ea0 00007f84f8339800
0x00007f849bffe200:   00007f84fd9c0ea0 00007f84f8339800
0x00007f849bffe210:   00007f84f8339f30 00007f84b4009290
0x00007f849bffe220:   00007f84b40092a0 00007f84b4009678
0x00007f849bffe230:   00000000000003d8 0000000000000000
0x00007f849bffe240:   00007f84fd9c0ea0 00007f84f8339800
0x00007f849bffe250:   00000000fd9b6d78 00000000d7090480
0x00007f849bffe260:   0000000000000000 00007f84e90183db
0x00007f849bffe270:   00007f84fd9c0ea0 00007f84f8339800
0x00007f849bffe280:   00007f849bffe2d0 00000000d70d8b80
0x00007f849bffe290:   000000000000006f 00007f840000000a
0x00007f849bffe2a0:   00000000d833bae8 00007f8400000000
0x00007f849bffe2b0:   00007f849bffe3a0 00007f849bffe360
0x00007f849bffe2c0:   00007f849bffe450 0000000100000171
0x00007f849bffe2d0:   00007f84f82b0000 00007f849bffe288
0x00007f849bffe2e0:   00007f849bffe2c9 0000000800000005
0x00007f849bffe2f0:   00007f849bffe300 752524935d3baf00
0x00007f849bffe300:   0000000000000000 00007f84f8339800
0x00007f849bffe310:   00007f84f83399e0 00007f84f827dd18
0x00007f849bffe320:   00007f849bffe380 00007f849bffe410
0x00007f849bffe330:   00007f849bffe400 00007f8500f5649b
0x00007f849bffe340:   00007f84f82a22f0 4e474945524f462c
0x00007f849bffe350:   000000000000000e 0000001000000000
0x00007f849bffe360:   00007f84f8339800 0000000000000000
0x00007f849bffe370:   000000009bffe3e0 00007f849bffe498
0x00007f849bffe380:   00007f8501759c18 00007f85024de7e0
0x00007f849bffe390:   000000000000000b 00007f8400000063
0x00007f849bffe3a0:   0000000000000000 0000003000000018 

Instructions: (pc=0x00007f8500f535e6)
0x00007f8500f535c6:   00 48 89 bd a8 fe ff ff 64 48 8b 04 25 28 00 00
0x00007f8500f535d6:   00 48 89 45 c8 31 c0 48 85 d2 0f 84 92 02 00 00
0x00007f8500f535e6:   48 8b 12 48 85 d2 0f 84 86 02 00 00 48 8d bd b8
0x00007f8500f535f6:   fe ff ff 48 89 cb 49 89 f5 4c 89 ce 4d 89 c4 e8 

Register to memory mapping:

RAX=0x0000000000000000 is an unknown value
RBX=0x00007f84f8339800 is a thread
RCX=0x00007f84f827dd18 is an unknown value
RDX=0x4e474945524f462c is an unknown value
RSP=0x00007f849bffe1b0 is pointing into the stack for thread: 0x00007f84f8339800
RBP=0x00007f849bffe330 is pointing into the stack for thread: 0x00007f84f8339800
RSI=0x00007f849bffe350 is pointing into the stack for thread: 0x00007f84f8339800
RDI=0x00007f84f83399e0 is an unknown value
R8 =0x00007f849bffe380 is pointing into the stack for thread: 0x00007f84f8339800
R9 =0x00007f84f8339800 is a thread
R10=0x00007f8494000d78 is an unknown value
R11=0x00007f84e94284e0 is at entry_point+32 in (nmethod*)0x00007f84e9428350
R12=0x00007f84f83399e0 is an unknown value
R13=0x00007f84f827dd18 is an unknown value
R14=0x00007f849bffe380 is pointing into the stack for thread: 0x00007f84f8339800
R15=0x00007f84f8339800 is a thread


Stack: [0x00007f849beff000,0x00007f849c000000],  sp=0x00007f849bffe1b0,  free space=1020k
Native frames: (J=compiled Java code, j=interpreted, Vv=VM code, C=native code)
V  [libjvm.so+0x69f5e6]
V  [libjvm.so+0x6a249b]
C  [libglass.so+0x13953]  JNIEnv_::CallVoidMethod(_jobject*, _jmethodID*, ...)+0x93
C  [libglass.so+0x1d6b7]  WindowContextBase::process_key(_GdkEventKey*)+0x207
C  [libglass.so+0x1bc70]  WindowContextBase::im_filter_keypress(_GdkEventKey*)+0x210
C  [libglass.so+0x179d4]
C  [libgdk-x11-2.0.so.0+0x5b02c]

Java frames: (J=compiled Java code, j=interpreted, Vv=VM code)
j  com.sun.glass.ui.gtk.GtkApplication._runLoop(Ljava/lang/Runnable;Z)V+0
j  com.sun.glass.ui.gtk.GtkApplication.lambda$null$5(Ljava/lang/Runnable;Z)V+7
j  com.sun.glass.ui.gtk.GtkApplication$$Lambda$41.run()V+12
j  java.lang.Thread.run()V+11
v  ~StubRoutines::call_stub

---------------  P R O C E S S  ---------------

Java Threads: ( => current thread )
  0x00007f84942d6000 JavaThread "Prism Font Disposer" daemon [_thread_blocked, id=30267, stack(0x00007f849b43a000,0x00007f849b53b000)]
  0x00007f84f833e800 JavaThread "JavaFX-Launcher" [_thread_blocked, id=30266, stack(0x00007f849bdfe000,0x00007f849beff000)]
=>0x00007f84f8339800 JavaThread "JavaFX Application Thread" [_thread_in_vm, id=30265, stack(0x00007f849beff000,0x00007f849c000000)]
  0x00007f84f8336800 JavaThread "Thread-1" daemon [_thread_blocked, id=30264, stack(0x00007f84a00bc000,0x00007f84a01bd000)]
  0x00007f84f8247800 JavaThread "QuantumRenderer-0" daemon [_thread_blocked, id=30263, stack(0x00007f84dbdfe000,0x00007f84dbeff000)]
  0x00007f84f80d2000 JavaThread "Service Thread" daemon [_thread_blocked, id=30261, stack(0x00007f84e003e000,0x00007f84e013f000)]
  0x00007f84f80bf000 JavaThread "C1 CompilerThread2" daemon [_thread_blocked, id=30260, stack(0x00007f84e0140000,0x00007f84e0240000)]
  0x00007f84f80bd000 JavaThread "C2 CompilerThread1" daemon [_thread_blocked, id=30259, stack(0x00007f84e80ad000,0x00007f84e81ad000)]
  0x00007f84f80ba000 JavaThread "C2 CompilerThread0" daemon [_thread_blocked, id=30258, stack(0x00007f84e81ae000,0x00007f84e82ae000)]
  0x00007f84f80b8800 JavaThread "Signal Dispatcher" daemon [_thread_blocked, id=30257, stack(0x00007f84e82ae000,0x00007f84e83af000)]
  0x00007f84f8085800 JavaThread "Finalizer" daemon [_thread_blocked, id=30256, stack(0x00007f84e8eff000,0x00007f84e9000000)]
  0x00007f84f8083000 JavaThread "Reference Handler" daemon [_thread_blocked, id=30255, stack(0x00007f84fc0a8000,0x00007f84fc1a9000)]
  0x00007f84f800b800 JavaThread "main" [_thread_blocked, id=30249, stack(0x00007f8502583000,0x00007f8502683000)]

Other Threads:
  0x00007f84f8079000 VMThread [stack: 0x00007f84fc1aa000,0x00007f84fc2aa000] [id=30254]
  0x00007f84f80d4800 WatcherThread [stack: 0x00007f84dbf00000,0x00007f84dc000000] [id=30262]

VM state:not at safepoint (normal execution)

VM Mutex/Monitor currently owned by a thread: None

Heap:
 PSYoungGen      total 36864K, used 7847K [0x00000000d6d80000, 0x00000000d9680000, 0x0000000100000000)
  eden space 31744K, 8% used [0x00000000d6d80000,0x00000000d7031150,0x00000000d8c80000)
  from space 5120K, 99% used [0x00000000d9180000,0x00000000d9678e70,0x00000000d9680000)
  to   space 5120K, 0% used [0x00000000d8c80000,0x00000000d8c80000,0x00000000d9180000)
 ParOldGen       total 84992K, used 42405K [0x0000000084800000, 0x0000000089b00000, 0x00000000d6d80000)
  object space 84992K, 49% used [0x0000000084800000,0x0000000087169620,0x0000000089b00000)
 Metaspace       used 17969K, capacity 18712K, committed 18944K, reserved 1064960K
  class space    used 2539K, capacity 2753K, committed 2816K, reserved 1048576K

Card table byte_map: [0x00007f84fe743000,0x00007f84feb20000] byte_map_base: 0x00007f84fe31f000

Marking Bits: (ParMarkBitMap*) 0x00007f850181d340
 Begin Bits: [0x00007f84e0240000, 0x00007f84e2120000)
 End Bits:   [0x00007f84e2120000, 0x00007f84e4000000)

Polling page: 0x00007f850269e000

CodeCache: size=245760Kb used=5490Kb max_used=5498Kb free=240269Kb
 bounds [0x00007f84e9000000, 0x00007f84e9570000, 0x00007f84f8000000]
 total_blobs=2450 nmethods=1806 adapters=558
 compilation: enabled

Compilation events (10 events):
Event: 6.772 Thread 0x00007f84f80bf000 nmethod 1802 0x00007f84e955e010 code [0x00007f84e955e160, 0x00007f84e955e250]
Event: 6.772 Thread 0x00007f84f80bf000 1803       3       javafx.beans.property.StringPropertyBase::get (5 bytes)
Event: 6.772 Thread 0x00007f84f80bf000 nmethod 1803 0x00007f84e955e2d0 code [0x00007f84e955e440, 0x00007f84e955e648]
Event: 6.774 Thread 0x00007f84f80bd000 nmethod 1801 0x00007f84e9561410 code [0x00007f84e9561560, 0x00007f84e9561698]
Event: 6.774 Thread 0x00007f84f80bf000 1804       3       java.nio.Buffer::remaining (10 bytes)
Event: 6.774 Thread 0x00007f84f80bf000 nmethod 1804 0x00007f84e9561110 code [0x00007f84e9561260, 0x00007f84e95613b0]
Event: 6.780 Thread 0x00007f84f80bf000 1805       3       sun.reflect.DelegatingConstructorAccessorImpl::newInstance (9 bytes)
Event: 6.780 Thread 0x00007f84f80bf000 nmethod 1805 0x00007f84e9560cd0 code [0x00007f84e9560e40, 0x00007f84e9561068]
Event: 6.781 Thread 0x00007f84f80bf000 1806       3       java.util.LinkedHashMap::afterNodeInsertion (40 bytes)
Event: 6.782 Thread 0x00007f84f80bf000 nmethod 1806 0x00007f84e9560450 code [0x00007f84e9560600, 0x00007f84e9560b48]

GC Heap History (4 events):
Event: 1.396 GC heap before
{Heap before GC invocations=1 (full 0):
 PSYoungGen      total 36864K, used 31744K [0x00000000d6d80000, 0x00000000d9680000, 0x0000000100000000)
  eden space 31744K, 100% used [0x00000000d6d80000,0x00000000d8c80000,0x00000000d8c80000)
  from space 5120K, 0% used [0x00000000d9180000,0x00000000d9180000,0x00000000d9680000)
  to   space 5120K, 0% used [0x00000000d8c80000,0x00000000d8c80000,0x00000000d9180000)
 ParOldGen       total 84992K, used 0K [0x0000000084800000, 0x0000000089b00000, 0x00000000d6d80000)
  object space 84992K, 0% used [0x0000000084800000,0x0000000084800000,0x0000000089b00000)
 Metaspace       used 12632K, capacity 13078K, committed 13184K, reserved 1060864K
  class space    used 1664K, capacity 1820K, committed 1920K, reserved 1048576K
Event: 1.409 GC heap after
Heap after GC invocations=1 (full 0):
 PSYoungGen      total 36864K, used 5101K [0x00000000d6d80000, 0x00000000d9680000, 0x0000000100000000)
  eden space 31744K, 0% used [0x00000000d6d80000,0x00000000d6d80000,0x00000000d8c80000)
  from space 5120K, 99% used [0x00000000d8c80000,0x00000000d917b508,0x00000000d9180000)
  to   space 5120K, 0% used [0x00000000d9180000,0x00000000d9180000,0x00000000d9680000)
 ParOldGen       total 84992K, used 2970K [0x0000000084800000, 0x0000000089b00000, 0x00000000d6d80000)
  object space 84992K, 3% used [0x0000000084800000,0x0000000084ae6be0,0x0000000089b00000)
 Metaspace       used 12632K, capacity 13078K, committed 13184K, reserved 1060864K
  class space    used 1664K, capacity 1820K, committed 1920K, reserved 1048576K
}
Event: 6.430 GC heap before
{Heap before GC invocations=2 (full 0):
 PSYoungGen      total 36864K, used 36845K [0x00000000d6d80000, 0x00000000d9680000, 0x0000000100000000)
  eden space 31744K, 100% used [0x00000000d6d80000,0x00000000d8c80000,0x00000000d8c80000)
  from space 5120K, 99% used [0x00000000d8c80000,0x00000000d917b508,0x00000000d9180000)
  to   space 5120K, 0% used [0x00000000d9180000,0x00000000d9180000,0x00000000d9680000)
 ParOldGen       total 84992K, used 2970K [0x0000000084800000, 0x0000000089b00000, 0x00000000d6d80000)
  object space 84992K, 3% used [0x0000000084800000,0x0000000084ae6be0,0x0000000089b00000)
 Metaspace       used 17599K, capacity 18386K, committed 18560K, reserved 1064960K
  class space    used 2476K, capacity 2688K, committed 2688K, reserved 1048576K
Event: 6.452 GC heap after
Heap after GC invocations=2 (full 0):
 PSYoungGen      total 36864K, used 5091K [0x00000000d6d80000, 0x00000000d9680000, 0x0000000100000000)
  eden space 31744K, 0% used [0x00000000d6d80000,0x00000000d6d80000,0x00000000d8c80000)
  from space 5120K, 99% used [0x00000000d9180000,0x00000000d9678e70,0x00000000d9680000)
  to   space 5120K, 0% used [0x00000000d8c80000,0x00000000d8c80000,0x00000000d9180000)
 ParOldGen       total 84992K, used 8500K [0x0000000084800000, 0x0000000089b00000, 0x00000000d6d80000)
  object space 84992K, 10% used [0x0000000084800000,0x000000008504d308,0x0000000089b00000)
 Metaspace       used 17599K, capacity 18386K, committed 18560K, reserved 1064960K
  class space    used 2476K, capacity 2688K, committed 2688K, reserved 1048576K
}

Deoptimization events (10 events):
Event: 1.716 Thread 0x00007f84f8339800 Uncommon trap: reason=unstable_if action=reinterpret pc=0x00007f84e925b0a0 method=java.lang.CharacterData.of(I)Ljava/lang/CharacterData; @ 4
Event: 2.000 Thread 0x00007f84f8339800 Uncommon trap: reason=unstable_if action=reinterpret pc=0x00007f84e93964e4 method=jdk.internal.org.objectweb.asm.Type.getArgumentsAndReturnSizes(Ljava/lang/String;)I @ 47
Event: 5.944 Thread 0x00007f84f8339800 Uncommon trap: reason=unstable_if action=reinterpret pc=0x00007f84e92afe78 method=java.lang.AbstractStringBuilder.append(Ljava/lang/String;)Ljava/lang/AbstractStringBuilder; @ 1
Event: 6.039 Thread 0x00007f84f8339800 Uncommon trap: reason=unstable_if action=reinterpret pc=0x00007f84e948f05c method=org.sqlite.SQLiteJDBCLoader.contentsEquals(Ljava/io/InputStream;Ljava/io/InputStream;)Z @ 39
Event: 6.359 Thread 0x00007f84f8339800 Uncommon trap: reason=unstable_if action=reinterpret pc=0x00007f84e94eb504 method=com.sun.javafx.image.impl.BaseByteToByteConverter$FourByteReorderer.doConvert([BII[BIIII)V @ 31
Event: 6.429 Thread 0x00007f84f8339800 Uncommon trap: reason=class_check action=maybe_recompile pc=0x00007f84e9509df4 method=com.sun.javafx.css.parser.CSSLexer.readChar()I @ 4
Event: 6.429 Thread 0x00007f84f8339800 Uncommon trap: reason=class_check action=maybe_recompile pc=0x00007f84e9509df4 method=com.sun.javafx.css.parser.CSSLexer.readChar()I @ 4
Event: 6.429 Thread 0x00007f84f8339800 Uncommon trap: reason=class_check action=maybe_recompile pc=0x00007f84e9509df4 method=com.sun.javafx.css.parser.CSSLexer.readChar()I @ 4
Event: 6.429 Thread 0x00007f84f8339800 Uncommon trap: reason=class_check action=maybe_recompile pc=0x00007f84e9509df4 method=com.sun.javafx.css.parser.CSSLexer.readChar()I @ 4
Event: 6.460 Thread 0x00007f84f8339800 Uncommon trap: reason=unstable_if action=reinterpret pc=0x00007f84e94309b8 method=java.lang.StrictMath.floorOrCeil(DDDD)D @ 38

Classes redefined (0 events):
No events

Internal exceptions (10 events):
Event: 1.088 Thread 0x00007f84f8339800 Exception <a 'java/lang/ArrayIndexOutOfBoundsException': 86> (0x00000000d82ab468) thrown at [/build/openjdk-8-rxFzfV/openjdk-8-8u191-b12/src/hotspot/src/share/vm/interpreter/interpreterRuntime.cpp, line 366]
Event: 1.092 Thread 0x00007f84f8339800 Exception <a 'java/lang/ArrayIndexOutOfBoundsException'> (0x00000000d82b2050) thrown at [/build/openjdk-8-rxFzfV/openjdk-8-8u191-b12/src/hotspot/src/share/vm/runtime/sharedRuntime.cpp, line 605]
Event: 1.140 Thread 0x00007f84f8339800 Exception <a 'java/lang/ArrayIndexOutOfBoundsException'> (0x00000000d83d9c48) thrown at [/build/openjdk-8-rxFzfV/openjdk-8-8u191-b12/src/hotspot/src/share/vm/runtime/sharedRuntime.cpp, line 605]
Event: 1.172 Thread 0x00007f84f8339800 Exception <a 'java/io/FileNotFoundException'> (0x00000000d853d488) thrown at [/build/openjdk-8-rxFzfV/openjdk-8-8u191-b12/src/hotspot/src/share/vm/prims/jni.cpp, line 709]
Event: 1.470 Thread 0x00007f84f8339800 Exception <a 'java/io/FileNotFoundException'> (0x00000000d7273dc0) thrown at [/build/openjdk-8-rxFzfV/openjdk-8-8u191-b12/src/hotspot/src/share/vm/prims/jni.cpp, line 709]
Event: 1.592 Thread 0x00007f84f8339800 Implicit null exception at 0x00007f84e92b61f5 to 0x00007f84e92b6411
Event: 1.595 Thread 0x00007f84f8339800 Implicit null exception at 0x00007f84e926266f to 0x00007f84e92626d9
Event: 5.944 Thread 0x00007f84f8339800 Implicit null exception at 0x00007f84e92afab5 to 0x00007f84e92afe65
Event: 6.404 Thread 0x00007f84f8339800 Exception <a 'java/io/FileNotFoundException'> (0x00000000d8c12e70) thrown at [/build/openjdk-8-rxFzfV/openjdk-8-8u191-b12/src/hotspot/src/share/vm/prims/jni.cpp, line 709]
Event: 6.461 Thread 0x00007f84f8339800 Exception <a 'java/io/FileNotFoundException'> (0x00000000d6d9a800) thrown at [/build/openjdk-8-rxFzfV/openjdk-8-8u191-b12/src/hotspot/src/share/vm/prims/jni.cpp, line 709]

Events (10 events):
Event: 6.778 loading class sun/util/locale/provider/TimeZoneNameProviderImpl
Event: 6.778 loading class sun/util/locale/provider/TimeZoneNameProviderImpl done
Event: 6.779 loading class sun/util/locale/provider/TimeZoneNameUtility$TimeZoneNameGetter
Event: 6.779 loading class sun/util/locale/provider/TimeZoneNameUtility$TimeZoneNameGetter done
Event: 6.779 loading class sun/util/resources/TimeZoneNames
Event: 6.780 loading class sun/util/resources/TimeZoneNamesBundle
Event: 6.780 loading class sun/util/resources/TimeZoneNamesBundle done
Event: 6.780 loading class sun/util/resources/TimeZoneNames done
Event: 6.780 loading class sun/util/resources/en/TimeZoneNames_en
Event: 6.780 loading class sun/util/resources/en/TimeZoneNames_en done


Dynamic libraries:
40a6d000-40b0e000 rw-p 00000000 00:00 0 
40fba000-40fbc000 r-xs 00000000 08:10 1835357                            /tmp/.glC2GzOO (deleted)
84800000-89b00000 rw-p 00000000 00:00 0 
89b00000-d6d80000 ---p 00000000 00:00 0 
d6d80000-d9680000 rw-p 00000000 00:00 0 
d9680000-100000000 ---p 00000000 00:00 0 
100000000-1002c0000 rw-p 00000000 00:00 0 
1002c0000-140000000 ---p 00000000 00:00 0 
55f13d74b000-55f13d74c000 r-xp 00000000 08:10 1054982                    /usr/lib/jvm/java-8-openjdk-amd64/jre/bin/java
55f13d94b000-55f13d94c000 r--p 00000000 08:10 1054982                    /usr/lib/jvm/java-8-openjdk-amd64/jre/bin/java
55f13d94c000-55f13d94d000 rw-p 00001000 08:10 1054982                    /usr/lib/jvm/java-8-openjdk-amd64/jre/bin/java
55f13e68f000-55f13e6b0000 rw-p 00000000 00:00 0                          [heap]
7f848c000000-7f848c021000 rw-p 00000000 00:00 0 
7f848c021000-7f8490000000 ---p 00000000 00:00 0 
7f8490000000-7f8490021000 rw-p 00000000 00:00 0 
7f8490021000-7f8494000000 ---p 00000000 00:00 0 
7f8494000000-7f84945b6000 rw-p 00000000 00:00 0 
7f84945b6000-7f8498000000 ---p 00000000 00:00 0 
7f8499f94000-7f849a032000 r--p 00000000 08:10 1845036                    /usr/share/fonts/truetype/dejavu/DejaVuSans-BoldOblique.ttf
7f849a032000-7f849a126000 r-xp 00000000 08:10 1835909                    /tmp/sqlite-3.25.2-cda5112e-72e1-43f9-8d08-60827951304b-libsqlitejdbc.so
7f849a126000-7f849a326000 ---p 000f4000 08:10 1835909                    /tmp/sqlite-3.25.2-cda5112e-72e1-43f9-8d08-60827951304b-libsqlitejdbc.so
7f849a326000-7f849a32c000 rw-p 000f4000 08:10 1835909                    /tmp/sqlite-3.25.2-cda5112e-72e1-43f9-8d08-60827951304b-libsqlitejdbc.so
7f849a32c000-7f849a4ec000 rw-p 00000000 00:00 0 
7f849a4ec000-7f849a52c000 ---p 00000000 00:00 0 
7f849a52c000-7f849a72c000 rw-s 00000000 00:06 476                        /dev/nvidiactl
7f849a72c000-7f849a92c000 rw-s 00000000 00:06 476                        /dev/nvidiactl
7f849a92c000-7f849b12d000 rw-p 00000000 00:00 0 
7f849b12d000-7f849b18d000 rw-s 00000000 00:05 7700489                    /SYSV00000000 (deleted)
7f849b18d000-7f849b38d000 rw-p 00000000 00:00 0 
7f849b38d000-7f849b43a000 r--p 00000000 08:10 1837024                    /usr/share/fonts/truetype/dejavu/DejaVuSans-Bold.ttf
7f849b43a000-7f849b43d000 ---p 00000000 00:00 0 
7f849b43d000-7f849b53b000 rw-p 00000000 00:00 0 
7f849b53b000-7f849b5f4000 r--p 00000000 08:10 1837025                    /usr/share/fonts/truetype/dejavu/DejaVuSans.ttf
7f849b5f4000-7f849b7f4000 rw-p 00000000 00:00 0 
7f849b7f4000-7f849b7f9000 r-xp 00000000 08:10 1061792                    /usr/lib/jvm/java-8-openjdk-amd64/jre/lib/amd64/libjavafx_font_freetype.so
7f849b7f9000-7f849b9f8000 ---p 00005000 08:10 1061792                    /usr/lib/jvm/java-8-openjdk-amd64/jre/lib/amd64/libjavafx_font_freetype.so
7f849b9f8000-7f849b9f9000 r--p 00004000 08:10 1061792                    /usr/lib/jvm/java-8-openjdk-amd64/jre/lib/amd64/libjavafx_font_freetype.so
7f849b9f9000-7f849b9fa000 rw-p 00005000 08:10 1061792                    /usr/lib/jvm/java-8-openjdk-amd64/jre/lib/amd64/libjavafx_font_freetype.so
7f849b9fa000-7f849b9fd000 r-xp 00000000 08:10 1061791                    /usr/lib/jvm/java-8-openjdk-amd64/jre/lib/amd64/libjavafx_font.so
7f849b9fd000-7f849bbfc000 ---p 00003000 08:10 1061791                    /usr/lib/jvm/java-8-openjdk-amd64/jre/lib/amd64/libjavafx_font.so
7f849bbfc000-7f849bbfd000 r--p 00002000 08:10 1061791                    /usr/lib/jvm/java-8-openjdk-amd64/jre/lib/amd64/libjavafx_font.so
7f849bbfd000-7f849bbfe000 rw-p 00003000 08:10 1061791                    /usr/lib/jvm/java-8-openjdk-amd64/jre/lib/amd64/libjavafx_font.so
7f849bbfe000-7f849bdfe000 rw-p 00000000 00:00 0 
7f849bdfe000-7f849be01000 ---p 00000000 00:00 0 
7f849be01000-7f849beff000 rw-p 00000000 00:00 0 
7f849beff000-7f849bf02000 ---p 00000000 00:00 0 
7f849bf02000-7f849c000000 rw-p 00000000 00:00 0 
7f849c000000-7f849c021000 rw-p 00000000 00:00 0 
7f849c021000-7f84a0000000 ---p 00000000 00:00 0 
7f84a003b000-7f84a004e000 r--s 00346000 08:10 1058572                    /usr/lib/jvm/java-8-openjdk-amd64/jre/lib/resources.jar
7f84a004e000-7f84a0053000 r--s 000a0000 08:10 1058562                    /usr/lib/jvm/java-8-openjdk-amd64/jre/lib/jsse.jar
7f84a0053000-7f84a005e000 r--s 00000000 08:10 4194401                    /var/cache/fontconfig/945677eb7aeaf62f1d50efc3fb3ec7d8-le64.cache-7
7f84a005e000-7f84a0063000 r--s 00000000 08:10 4194372                    /var/cache/fontconfig/2300eef321c393bfd76478a5c0e95b23-le64.cache-7
7f84a0063000-7f84a0064000 r--s 00000000 08:10 4194365                    /var/cache/fontconfig/0d8c3b2ac0904cb8a57a757ad11a4a08-le64.cache-7
7f84a0064000-7f84a0079000 r--s 00000000 08:10 4194361                    /var/cache/fontconfig/04aabc0a78ac019cf9454389977116d2-le64.cache-7
7f84a0079000-7f84a007a000 r--s 00000000 08:10 4194369                    /var/cache/fontconfig/1ac9eb803944fde146138c791f5cc56a-le64.cache-7
7f84a007a000-7f84a007b000 r--s 00000000 08:10 4194420                    /var/cache/fontconfig/dc05db6664285cc2f12bf69c139ae4c3-le64.cache-7
7f84a007b000-7f84a007d000 r--s 00000000 08:10 4194366                    /var/cache/fontconfig/14a5e22175779b556eaa434240950366-le64.cache-7
7f84a007d000-7f84a007f000 r--s 00000000 08:10 4194384                    /var/cache/fontconfig/4f3e3037c9980c83b53a9351efadef62-le64.cache-7
7f84a007f000-7f84a0081000 r--s 00000000 08:10 4194398                    /var/cache/fontconfig/767a8244fc0220cfb567a839d0392e0b-le64.cache-7
7f84a0081000-7f84a00bc000 r--s 00000000 08:10 4205901                    /var/cache/fontconfig/365b55f210c0a22e9a19e35191240f32-le64.cache-7
7f84a00bc000-7f84a00bf000 ---p 00000000 00:00 0 
7f84a00bf000-7f84a01bd000 rw-p 00000000 00:00 0 
7f84a01bd000-7f84a01c7000 r-xp 00000000 08:10 1182554                    /usr/lib/x86_64-linux-gnu/gtk-2.0/2.10.0/engines/libpixmap.so
7f84a01c7000-7f84a03c6000 ---p 0000a000 08:10 1182554                    /usr/lib/x86_64-linux-gnu/gtk-2.0/2.10.0/engines/libpixmap.so
7f84a03c6000-7f84a03c7000 r--p 00009000 08:10 1182554                    /usr/lib/x86_64-linux-gnu/gtk-2.0/2.10.0/engines/libpixmap.so
7f84a03c7000-7f84a03c8000 rw-p 0000a000 08:10 1182554                    /usr/lib/x86_64-linux-gnu/gtk-2.0/2.10.0/engines/libpixmap.so
7f84a03c8000-7f84a03ca000 r-xp 00000000 08:10 1182552                    /usr/lib/x86_64-linux-gnu/gtk-2.0/2.10.0/engines/libadwaita.so
7f84a03ca000-7f84a05ca000 ---p 00002000 08:10 1182552                    /usr/lib/x86_64-linux-gnu/gtk-2.0/2.10.0/engines/libadwaita.so
7f84a05ca000-7f84a05cb000 r--p 00002000 08:10 1182552                    /usr/lib/x86_64-linux-gnu/gtk-2.0/2.10.0/engines/libadwaita.so
7f84a05cb000-7f84a05cc000 rw-p 00003000 08:10 1182552                    /usr/lib/x86_64-linux-gnu/gtk-2.0/2.10.0/engines/libadwaita.so
7f84a05cc000-7f84a05e0000 r-xp 00000000 08:10 6296264                    /lib/x86_64-linux-gnu/libgpg-error.so.0.22.0
7f84a05e0000-7f84a07df000 ---p 00014000 08:10 6296264                    /lib/x86_64-linux-gnu/libgpg-error.so.0.22.0
7f84a07df000-7f84a07e0000 r--p 00013000 08:10 6296264                    /lib/x86_64-linux-gnu/libgpg-error.so.0.22.0
7f84a07e0000-7f84a07e1000 rw-p 00014000 08:10 6296264                    /lib/x86_64-linux-gnu/libgpg-error.so.0.22.0
7f84a07e1000-7f84a08f5000 r-xp 00000000 08:10 6291532                    /lib/x86_64-linux-gnu/libgcrypt.so.20.2.1
7f84a08f5000-7f84a0af4000 ---p 00114000 08:10 6291532                    /lib/x86_64-linux-gnu/libgcrypt.so.20.2.1
7f84a0af4000-7f84a0af6000 r--p 00113000 08:10 6291532                    /lib/x86_64-linux-gnu/libgcrypt.so.20.2.1
7f84a0af6000-7f84a0afb000 rw-p 00115000 08:10 6291532                    /lib/x86_64-linux-gnu/libgcrypt.so.20.2.1
7f84a0afb000-7f84a0afc000 rw-p 00000000 00:00 0 
7f84a0afc000-7f84a0b17000 r-xp 00000000 08:10 926206                     /usr/lib/x86_64-linux-gnu/liblz4.so.1.7.1
7f84a0b17000-7f84a0d16000 ---p 0001b000 08:10 926206                     /usr/lib/x86_64-linux-gnu/liblz4.so.1.7.1
7f84a0d16000-7f84a0d17000 r--p 0001a000 08:10 926206                     /usr/lib/x86_64-linux-gnu/liblz4.so.1.7.1
7f84a0d17000-7f84a0d18000 rw-p 0001b000 08:10 926206                     /usr/lib/x86_64-linux-gnu/liblz4.so.1.7.1
7f84a0d18000-7f84a0d3c000 r-xp 00000000 08:10 6296283                    /lib/x86_64-linux-gnu/liblzma.so.5.2.2
7f84a0d3c000-7f84a0f3c000 ---p 00024000 08:10 6296283                    /lib/x86_64-linux-gnu/liblzma.so.5.2.2
7f84a0f3c000-7f84a0f3d000 r--p 00024000 08:10 6296283                    /lib/x86_64-linux-gnu/liblzma.so.5.2.2
7f84a0f3d000-7f84a0f3e000 rw-p 00025000 08:10 6296283                    /lib/x86_64-linux-gnu/liblzma.so.5.2.2
7f84a0f3e000-7f84a0fbe000 r-xp 00000000 08:10 6291529                    /lib/x86_64-linux-gnu/libsystemd.so.0.21.0
7f84a0fbe000-7f84a11bd000 ---p 00080000 08:10 6291529                    /lib/x86_64-linux-gnu/libsystemd.so.0.21.0
7f84a11bd000-7f84a11c0000 r--p 0007f000 08:10 6291529                    /lib/x86_64-linux-gnu/libsystemd.so.0.21.0
7f84a11c0000-7f84a11c1000 rw-p 00082000 08:10 6291529                    /lib/x86_64-linux-gnu/libsystemd.so.0.21.0
7f84a11c1000-7f84a11c2000 rw-p 00000000 00:00 0 
7f84a11c2000-7f84a11ee000 r-xp 00000000 08:10 925588                     /usr/lib/x86_64-linux-gnu/libatspi.so.0.0.1
7f84a11ee000-7f84a13ee000 ---p 0002c000 08:10 925588                     /usr/lib/x86_64-linux-gnu/libatspi.so.0.0.1
7f84a13ee000-7f84a13f1000 r--p 0002c000 08:10 925588                     /usr/lib/x86_64-linux-gnu/libatspi.so.0.0.1
7f84a13f1000-7f84a13f2000 rw-p 0002f000 08:10 925588                     /usr/lib/x86_64-linux-gnu/libatspi.so.0.0.1
7f84a13f2000-7f84a143d000 r-xp 00000000 08:10 6296238                    /lib/x86_64-linux-gnu/libdbus-1.so.3.19.4
7f84a143d000-7f84a163d000 ---p 0004b000 08:10 6296238                    /lib/x86_64-linux-gnu/libdbus-1.so.3.19.4
7f84a163d000-7f84a163e000 r--p 0004b000 08:10 6296238                    /lib/x86_64-linux-gnu/libdbus-1.so.3.19.4
7f84a163e000-7f84a163f000 rw-p 0004c000 08:10 6296238                    /lib/x86_64-linux-gnu/libdbus-1.so.3.19.4
7f84a163f000-7f84a166d000 r-xp 00000000 08:10 925586                     /usr/lib/x86_64-linux-gnu/libatk-bridge-2.0.so.0.0.0
7f84a166d000-7f84a186d000 ---p 0002e000 08:10 925586                     /usr/lib/x86_64-linux-gnu/libatk-bridge-2.0.so.0.0.0
7f84a186d000-7f84a186e000 r--p 0002e000 08:10 925586                     /usr/lib/x86_64-linux-gnu/libatk-bridge-2.0.so.0.0.0
7f84a186e000-7f84a186f000 rw-p 0002f000 08:10 925586                     /usr/lib/x86_64-linux-gnu/libatk-bridge-2.0.so.0.0.0
7f84a186f000-7f84a1870000 rw-p 00000000 00:00 0 
7f84a1870000-7f84a1871000 r-xp 00000000 08:10 1182571                    /usr/lib/x86_64-linux-gnu/gtk-2.0/modules/libatk-bridge.so
7f84a1871000-7f84a1a70000 ---p 00001000 08:10 1182571                    /usr/lib/x86_64-linux-gnu/gtk-2.0/modules/libatk-bridge.so
7f84a1a70000-7f84a1a71000 r--p 00000000 08:10 1182571                    /usr/lib/x86_64-linux-gnu/gtk-2.0/modules/libatk-bridge.so
7f84a1a71000-7f84a1a72000 rw-p 00001000 08:10 1182571                    /usr/lib/x86_64-linux-gnu/gtk-2.0/modules/libatk-bridge.so
7f84a1a72000-7f84a1a79000 r-xp 00000000 08:10 925882                     /usr/lib/x86_64-linux-gnu/libgailutil.so.18.0.1
7f84a1a79000-7f84a1c78000 ---p 00007000 08:10 925882                     /usr/lib/x86_64-linux-gnu/libgailutil.so.18.0.1
7f84a1c78000-7f84a1c79000 r--p 00006000 08:10 925882                     /usr/lib/x86_64-linux-gnu/libgailutil.so.18.0.1
7f84a1c79000-7f84a1c7a000 rw-p 00007000 08:10 925882                     /usr/lib/x86_64-linux-gnu/libgailutil.so.18.0.1
7f84a1c7a000-7f84a1cc7000 r-xp 00000000 08:10 1182573                    /usr/lib/x86_64-linux-gnu/gtk-2.0/modules/libgail.so
7f84a1cc7000-7f84a1ec7000 ---p 0004d000 08:10 1182573                    /usr/lib/x86_64-linux-gnu/gtk-2.0/modules/libgail.so
7f84a1ec7000-7f84a1ec8000 r--p 0004d000 08:10 1182573                    /usr/lib/x86_64-linux-gnu/gtk-2.0/modules/libgail.so
7f84a1ec8000-7f84a1eca000 rw-p 0004e000 08:10 1182573                    /usr/lib/x86_64-linux-gnu/gtk-2.0/modules/libgail.so
7f84a1eca000-7f84a1ed0000 r-xp 00000000 08:10 6291486                    /lib/x86_64-linux-gnu/libuuid.so.1.3.0
7f84a1ed0000-7f84a20cf000 ---p 00006000 08:10 6291486                    /lib/x86_64-linux-gnu/libuuid.so.1.3.0
7f84a20cf000-7f84a20d0000 r--p 00005000 08:10 6291486                    /lib/x86_64-linux-gnu/libuuid.so.1.3.0
7f84a20d0000-7f84a20d1000 rw-p 00006000 08:10 6291486                    /lib/x86_64-linux-gnu/libuuid.so.1.3.0
7f84a20d1000-7f84a20d7000 r-xp 00000000 08:10 925726                     /usr/lib/x86_64-linux-gnu/libdatrie.so.1.3.3
7f84a20d7000-7f84a22d6000 ---p 00006000 08:10 925726                     /usr/lib/x86_64-linux-gnu/libdatrie.so.1.3.3
7f84a22d6000-7f84a22d7000 r--p 00005000 08:10 925726                     /usr/lib/x86_64-linux-gnu/libdatrie.so.1.3.3
7f84a22d7000-7f84a22d8000 rw-p 00006000 08:10 925726                     /usr/lib/x86_64-linux-gnu/libdatrie.so.1.3.3
7f84a22d8000-7f84a2303000 r-xp 00000000 08:10 925983                     /usr/lib/x86_64-linux-gnu/libgraphite2.so.3.0.1
7f84a2303000-7f84a2502000 ---p 0002b000 08:10 925983                     /usr/lib/x86_64-linux-gnu/libgraphite2.so.3.0.1
7f84a2502000-7f84a2504000 r--p 0002a000 08:10 925983                     /usr/lib/x86_64-linux-gnu/libgraphite2.so.3.0.1
7f84a2504000-7f84a2505000 rw-p 0002c000 08:10 925983                     /usr/lib/x86_64-linux-gnu/libgraphite2.so.3.0.1
7f84a2505000-7f84a254c000 r-xp 00000000 08:10 6291496                    /lib/x86_64-linux-gnu/libblkid.so.1.1.0
7f84a254c000-7f84a274c000 ---p 00047000 08:10 6291496                    /lib/x86_64-linux-gnu/libblkid.so.1.1.0
7f84a274c000-7f84a2750000 r--p 00047000 08:10 6291496                    /lib/x86_64-linux-gnu/libblkid.so.1.1.0
7f84a2750000-7f84a2751000 rw-p 0004b000 08:10 6291496                    /lib/x86_64-linux-gnu/libblkid.so.1.1.0
7f84a2751000-7f84a2752000 rw-p 00000000 00:00 0 
7f84a2752000-7f84a2781000 r-xp 00000000 08:10 6296253                    /lib/x86_64-linux-gnu/libexpat.so.1.6.7
7f84a2781000-7f84a2981000 ---p 0002f000 08:10 6296253                    /lib/x86_64-linux-gnu/libexpat.so.1.6.7
7f84a2981000-7f84a2983000 r--p 0002f000 08:10 6296253                    /lib/x86_64-linux-gnu/libexpat.so.1.6.7
7f84a2983000-7f84a2984000 rw-p 00031000 08:10 6296253                    /lib/x86_64-linux-gnu/libexpat.so.1.6.7
7f84a2984000-7f84a298c000 r-xp 00000000 08:10 926540                     /usr/lib/x86_64-linux-gnu/libthai.so.0.3.0
7f84a298c000-7f84a2b8b000 ---p 00008000 08:10 926540                     /usr/lib/x86_64-linux-gnu/libthai.so.0.3.0
7f84a2b8b000-7f84a2b8c000 r--p 00007000 08:10 926540                     /usr/lib/x86_64-linux-gnu/libthai.so.0.3.0
7f84a2b8c000-7f84a2b8d000 rw-p 00008000 08:10 926540                     /usr/lib/x86_64-linux-gnu/libthai.so.0.3.0
7f84a2b8d000-7f84a2c29000 r-xp 00000000 08:10 926066                     /usr/lib/x86_64-linux-gnu/libharfbuzz.so.0.10702.0
7f84a2c29000-7f84a2e29000 ---p 0009c000 08:10 926066                     /usr/lib/x86_64-linux-gnu/libharfbuzz.so.0.10702.0
7f84a2e29000-7f84a2e2a000 r--p 0009c000 08:10 926066                     /usr/lib/x86_64-linux-gnu/libharfbuzz.so.0.10702.0
7f84a2e2a000-7f84a2e2b000 rw-p 0009d000 08:10 926066                     /usr/lib/x86_64-linux-gnu/libharfbuzz.so.0.10702.0
7f84a2e2b000-7f84a2e9b000 r-xp 00000000 08:10 6296345                    /lib/x86_64-linux-gnu/libpcre.so.3.13.3
7f84a2e9b000-7f84a309b000 ---p 00070000 08:10 6296345                    /lib/x86_64-linux-gnu/libpcre.so.3.13.3
7f84a309b000-7f84a309c000 r--p 00070000 08:10 6296345                    /lib/x86_64-linux-gnu/libpcre.so.3.13.3
7f84a309c000-7f84a309d000 rw-p 00071000 08:10 6296345                    /lib/x86_64-linux-gnu/libpcre.so.3.13.3
7f84a309d000-7f84a30a4000 r-xp 00000000 08:10 925840                     /usr/lib/x86_64-linux-gnu/libffi.so.6.0.4
7f84a30a4000-7f84a32a3000 ---p 00007000 08:10 925840                     /usr/lib/x86_64-linux-gnu/libffi.so.6.0.4
7f84a32a3000-7f84a32a4000 r--p 00006000 08:10 925840                     /usr/lib/x86_64-linux-gnu/libffi.so.6.0.4
7f84a32a4000-7f84a32a5000 rw-p 00007000 08:10 925840                     /usr/lib/x86_64-linux-gnu/libffi.so.6.0.4
7f84a32a5000-7f84a32f6000 r-xp 00000000 08:10 6291500                    /lib/x86_64-linux-gnu/libmount.so.1.1.0
7f84a32f6000-7f84a34f5000 ---p 00051000 08:10 6291500                    /lib/x86_64-linux-gnu/libmount.so.1.1.0
7f84a34f5000-7f84a34f7000 r--p 00050000 08:10 6291500                    /lib/x86_64-linux-gnu/libmount.so.1.1.0
7f84a34f7000-7f84a34f8000 rw-p 00052000 08:10 6291500                    /lib/x86_64-linux-gnu/libmount.so.1.1.0
7f84a34f8000-7f84a34f9000 rw-p 00000000 00:00 0 
7f84a34f9000-7f84a3510000 r-xp 00000000 08:10 6296362                    /lib/x86_64-linux-gnu/libresolv-2.27.so
7f84a3510000-7f84a3710000 ---p 00017000 08:10 6296362                    /lib/x86_64-linux-gnu/libresolv-2.27.so
7f84a3710000-7f84a3711000 r--p 00017000 08:10 6296362                    /lib/x86_64-linux-gnu/libresolv-2.27.so
7f84a3711000-7f84a3712000 rw-p 00018000 08:10 6296362                    /lib/x86_64-linux-gnu/libresolv-2.27.so
7f84a3712000-7f84a3714000 rw-p 00000000 00:00 0 
7f84a3714000-7f84a3739000 r-xp 00000000 08:10 6296368                    /lib/x86_64-linux-gnu/libselinux.so.1
7f84a3739000-7f84a3938000 ---p 00025000 08:10 6296368                    /lib/x86_64-linux-gnu/libselinux.so.1
7f84a3938000-7f84a3939000 r--p 00024000 08:10 6296368                    /lib/x86_64-linux-gnu/libselinux.so.1
7f84a3939000-7f84a393a000 rw-p 00025000 08:10 6296368                    /lib/x86_64-linux-gnu/libselinux.so.1
7f84a393a000-7f84a393c000 rw-p 00000000 00:00 0 
7f84a393c000-7f84a3948000 r-xp 00000000 08:10 926684                     /usr/lib/x86_64-linux-gnu/libxcb-render.so.0.0.0
7f84a3948000-7f84a3b47000 ---p 0000c000 08:10 926684                     /usr/lib/x86_64-linux-gnu/libxcb-render.so.0.0.0
7f84a3b47000-7f84a3b48000 r--p 0000b000 08:10 926684                     /usr/lib/x86_64-linux-gnu/libxcb-render.so.0.0.0
7f84a3b48000-7f84a3b49000 rw-p 0000c000 08:10 926684                     /usr/lib/x86_64-linux-gnu/libxcb-render.so.0.0.0
7f84a3b49000-7f84a3b4b000 r-xp 00000000 08:10 926690                     /usr/lib/x86_64-linux-gnu/libxcb-shm.so.0.0.0
7f84a3b4b000-7f84a3d4a000 ---p 00002000 08:10 926690                     /usr/lib/x86_64-linux-gnu/libxcb-shm.so.0.0.0
7f84a3d4a000-7f84a3d4b000 r--p 00001000 08:10 926690                     /usr/lib/x86_64-linux-gnu/libxcb-shm.so.0.0.0
7f84a3d4b000-7f84a3d4c000 rw-p 00002000 08:10 926690                     /usr/lib/x86_64-linux-gnu/libxcb-shm.so.0.0.0
7f84a3d4c000-7f84a3df9000 r-xp 00000000 08:10 925872                     /usr/lib/x86_64-linux-gnu/libfreetype.so.6.15.0
7f84a3df9000-7f84a3ff8000 ---p 000ad000 08:10 925872                     /usr/lib/x86_64-linux-gnu/libfreetype.so.6.15.0
7f84a3ff8000-7f84a3fff000 r--p 000ac000 08:10 925872                     /usr/lib/x86_64-linux-gnu/libfreetype.so.6.15.0
7f84a3fff000-7f84a4000000 rw-p 000b3000 08:10 925872                     /usr/lib/x86_64-linux-gnu/libfreetype.so.6.15.0
7f84a4000000-7f84a484c000 rw-p 00000000 00:00 0 
7f84a484c000-7f84a8000000 ---p 00000000 00:00 0 
7f84a8000000-7f84a8001000 r--s 00000000 08:10 4194393                    /var/cache/fontconfig/660208299946a285a940457d1287da33-le64.cache-7
7f84a8001000-7f84a8002000 r--s 00000000 08:10 4207810                    /var/cache/fontconfig/4794a0821666d79190d59a36cb4f44b5-le64.cache-7
7f84a8002000-7f84a8004000 r--s 00000000 08:10 4198357                    /var/cache/fontconfig/0bd3dc0958fa2205aaaa8ebb13e2872b-le64.cache-7
7f84a8004000-7f84a8009000 r--s 00000000 08:10 4194421                    /var/cache/fontconfig/def309198bfa603429122923fa2bb2d4-le64.cache-7
7f84a8009000-7f84a800a000 r--s 00000000 08:10 4194409                    /var/cache/fontconfig/b872e6e592da6075ffa4ab0a1fcc0c75-le64.cache-7
7f84a800a000-7f84a800b000 r--s 00000000 08:10 4194426                    /var/cache/fontconfig/f6d4eedfaab2589bde49f7a3ff831d22-le64.cache-7
7f84a800b000-7f84a800c000 r--s 00000000 08:10 4194391                    /var/cache/fontconfig/589f83ef4c36d296ce6e1c846f468f08-le64.cache-7
7f84a800c000-7f84a800d000 r--s 00000000 08:10 4194411                    /var/cache/fontconfig/bab58bb527bb656aaa9f116d68a48d89-le64.cache-7
7f84a800d000-7f84a800e000 r--s 00000000 08:10 4194370                    /var/cache/fontconfig/2171a34dccabdb6bcbbc728186263178-le64.cache-7
7f84a800e000-7f84a800f000 r--s 00000000 08:10 4194412                    /var/cache/fontconfig/c5c45a61289222e0d30b1a26ef4effbe-le64.cache-7
7f84a800f000-7f84a8010000 r--s 00000000 08:10 4194407                    /var/cache/fontconfig/aec30016f93e1b46d1a973dce0d74068-le64.cache-7
7f84a8010000-7f84a8011000 r--s 00000000 08:10 4194377                    /var/cache/fontconfig/3f589640d34b7dc9042c8d453f7c8b9c-le64.cache-7
7f84a8011000-7f84a8012000 r--s 00000000 08:10 4194367                    /var/cache/fontconfig/16c2fda60d1b4b719f4b3d06fd951d25-le64.cache-7
7f84a8012000-7f84a8013000 r--s 00000000 08:10 4194406                    /var/cache/fontconfig/a48eab177a16e4f3713381162db2f3e9-le64.cache-7
7f84a8013000-7f84a8014000 r--s 00000000 08:10 4194387                    /var/cache/fontconfig/564b2e68ac9bc4e36a6f7f6d6125ec1c-le64.cache-7
7f84a8014000-7f84a8019000 r--s 00000000 08:10 4207983                    /var/cache/fontconfig/9d2451b1fd30e5bffe8383fd27c35478-le64.cache-7
7f84a8019000-7f84a804a000 r-xp 00000000 08:10 918059                     /usr/lib/x86_64-linux-gnu/libpng16.so.16.34.0
7f84a804a000-7f84a8249000 ---p 00031000 08:10 918059                     /usr/lib/x86_64-linux-gnu/libpng16.so.16.34.0
7f84a8249000-7f84a824a000 r--p 00030000 08:10 918059                     /usr/lib/x86_64-linux-gnu/libpng16.so.16.34.0
7f84a824a000-7f84a824b000 rw-p 00031000 08:10 918059                     /usr/lib/x86_64-linux-gnu/libpng16.so.16.34.0
7f84a824b000-7f84a82e8000 r-xp 00000000 08:10 926356                     /usr/lib/x86_64-linux-gnu/libpixman-1.so.0.34.0
7f84a82e8000-7f84a84e7000 ---p 0009d000 08:10 926356                     /usr/lib/x86_64-linux-gnu/libpixman-1.so.0.34.0
7f84a84e7000-7f84a84ef000 r--p 0009c000 08:10 926356                     /usr/lib/x86_64-linux-gnu/libpixman-1.so.0.34.0
7f84a84ef000-7f84a84f0000 rw-p 000a4000 08:10 926356                     /usr/lib/x86_64-linux-gnu/libpixman-1.so.0.34.0
7f84a84f0000-7f84a84f2000 r-xp 00000000 08:10 925507                     /usr/lib/x86_64-linux-gnu/libXdamage.so.1.1.0
7f84a84f2000-7f84a86f1000 ---p 00002000 08:10 925507                     /usr/lib/x86_64-linux-gnu/libXdamage.so.1.1.0
7f84a86f1000-7f84a86f2000 r--p 00001000 08:10 925507                     /usr/lib/x86_64-linux-gnu/libXdamage.so.1.1.0
7f84a86f2000-7f84a86f3000 rw-p 00002000 08:10 925507                     /usr/lib/x86_64-linux-gnu/libXdamage.so.1.1.0
7f84a86f3000-7f84a86f5000 r-xp 00000000 08:10 925503                     /usr/lib/x86_64-linux-gnu/libXcomposite.so.1.0.0
7f84a86f5000-7f84a88f4000 ---p 00002000 08:10 925503                     /usr/lib/x86_64-linux-gnu/libXcomposite.so.1.0.0
7f84a88f4000-7f84a88f5000 r--p 00001000 08:10 925503                     /usr/lib/x86_64-linux-gnu/libXcomposite.so.1.0.0
7f84a88f5000-7f84a88f6000 rw-p 00002000 08:10 925503                     /usr/lib/x86_64-linux-gnu/libXcomposite.so.1.0.0
7f84a88f6000-7f84a88ff000 r-xp 00000000 08:10 925505                     /usr/lib/x86_64-linux-gnu/libXcursor.so.1.0.2
7f84a88ff000-7f84a8afe000 ---p 00009000 08:10 925505                     /usr/lib/x86_64-linux-gnu/libXcursor.so.1.0.2
7f84a8afe000-7f84a8aff000 r--p 00008000 08:10 925505                     /usr/lib/x86_64-linux-gnu/libXcursor.so.1.0.2
7f84a8aff000-7f84a8b00000 rw-p 00009000 08:10 925505                     /usr/lib/x86_64-linux-gnu/libXcursor.so.1.0.2
7f84a8b00000-7f84a8b0a000 r-xp 00000000 08:10 925529                     /usr/lib/x86_64-linux-gnu/libXrandr.so.2.2.0
7f84a8b0a000-7f84a8d09000 ---p 0000a000 08:10 925529                     /usr/lib/x86_64-linux-gnu/libXrandr.so.2.2.0
7f84a8d09000-7f84a8d0a000 r--p 00009000 08:10 925529                     /usr/lib/x86_64-linux-gnu/libXrandr.so.2.2.0
7f84a8d0a000-7f84a8d0b000 rw-p 0000a000 08:10 925529                     /usr/lib/x86_64-linux-gnu/libXrandr.so.2.2.0
7f84a8d0b000-7f84a8d1a000 r-xp 00000000 08:10 925519                     /usr/lib/x86_64-linux-gnu/libXi.so.6.1.0
7f84a8d1a000-7f84a8f19000 ---p 0000f000 08:10 925519                     /usr/lib/x86_64-linux-gnu/libXi.so.6.1.0
7f84a8f19000-7f84a8f1a000 r--p 0000e000 08:10 925519                     /usr/lib/x86_64-linux-gnu/libXi.so.6.1.0
7f84a8f1a000-7f84a8f1b000 rw-p 0000f000 08:10 925519                     /usr/lib/x86_64-linux-gnu/libXi.so.6.1.0
7f84a8f1b000-7f84a8f1d000 r-xp 00000000 08:10 925521                     /usr/lib/x86_64-linux-gnu/libXinerama.so.1.0.0
7f84a8f1d000-7f84a911c000 ---p 00002000 08:10 925521                     /usr/lib/x86_64-linux-gnu/libXinerama.so.1.0.0
7f84a911c000-7f84a911d000 r--p 00001000 08:10 925521                     /usr/lib/x86_64-linux-gnu/libXinerama.so.1.0.0
7f84a911d000-7f84a911e000 rw-p 00002000 08:10 925521                     /usr/lib/x86_64-linux-gnu/libXinerama.so.1.0.0
7f84a911e000-7f84a9127000 r-xp 00000000 08:10 925531                     /usr/lib/x86_64-linux-gnu/libXrender.so.1.3.0
7f84a9127000-7f84a9326000 ---p 00009000 08:10 925531                     /usr/lib/x86_64-linux-gnu/libXrender.so.1.3.0
7f84a9326000-7f84a9327000 r--p 00008000 08:10 925531                     /usr/lib/x86_64-linux-gnu/libXrender.so.1.3.0
7f84a9327000-7f84a9328000 rw-p 00009000 08:10 925531                     /usr/lib/x86_64-linux-gnu/libXrender.so.1.3.0
7f84a9328000-7f84a9366000 r-xp 00000000 08:10 925854                     /usr/lib/x86_64-linux-gnu/libfontconfig.so.1.10.1
7f84a9366000-7f84a9566000 ---p 0003e000 08:10 925854                     /usr/lib/x86_64-linux-gnu/libfontconfig.so.1.10.1
7f84a9566000-7f84a9568000 r--p 0003e000 08:10 925854                     /usr/lib/x86_64-linux-gnu/libfontconfig.so.1.10.1
7f84a9568000-7f84a956d000 rw-p 00040000 08:10 925854                     /usr/lib/x86_64-linux-gnu/libfontconfig.so.1.10.1
7f84a956d000-7f84a95b7000 r-xp 00000000 08:10 917651                     /usr/lib/x86_64-linux-gnu/libpango-1.0.so.0.4000.14
7f84a95b7000-7f84a97b6000 ---p 0004a000 08:10 917651                     /usr/lib/x86_64-linux-gnu/libpango-1.0.so.0.4000.14
7f84a97b6000-7f84a97b9000 r--p 00049000 08:10 917651                     /usr/lib/x86_64-linux-gnu/libpango-1.0.so.0.4000.14
7f84a97b9000-7f84a97ba000 rw-p 0004c000 08:10 917651                     /usr/lib/x86_64-linux-gnu/libpango-1.0.so.0.4000.14
7f84a97ba000-7f84a97ce000 r-xp 00000000 08:10 918794                     /usr/lib/x86_64-linux-gnu/libpangoft2-1.0.so.0.4000.14
7f84a97ce000-7f84a99ce000 ---p 00014000 08:10 918794                     /usr/lib/x86_64-linux-gnu/libpangoft2-1.0.so.0.4000.14
7f84a99ce000-7f84a99cf000 r--p 00014000 08:10 918794                     /usr/lib/x86_64-linux-gnu/libpangoft2-1.0.so.0.4000.14
7f84a99cf000-7f84a99d0000 rw-p 00015000 08:10 918794                     /usr/lib/x86_64-linux-gnu/libpangoft2-1.0.so.0.4000.14
7f84a99d0000-7f84a99f2000 r-xp 00000000 08:10 925584                     /usr/lib/x86_64-linux-gnu/libatk-1.0.so.0.22810.1
7f84a99f2000-7f84a9bf2000 ---p 00022000 08:10 925584                     /usr/lib/x86_64-linux-gnu/libatk-1.0.so.0.22810.1
7f84a9bf2000-7f84a9bf5000 r--p 00022000 08:10 925584                     /usr/lib/x86_64-linux-gnu/libatk-1.0.so.0.22810.1
7f84a9bf5000-7f84a9bf6000 rw-p 00025000 08:10 925584                     /usr/lib/x86_64-linux-gnu/libatk-1.0.so.0.22810.1
7f84a9bf6000-7f84a9bfb000 r-xp 00000000 08:10 925513                     /usr/lib/x86_64-linux-gnu/libXfixes.so.3.1.0
7f84a9bfb000-7f84a9dfa000 ---p 00005000 08:10 925513                     /usr/lib/x86_64-linux-gnu/libXfixes.so.3.1.0
7f84a9dfa000-7f84a9dfb000 r--p 00004000 08:10 925513                     /usr/lib/x86_64-linux-gnu/libXfixes.so.3.1.0
7f84a9dfb000-7f84a9dfc000 rw-p 00005000 08:10 925513                     /usr/lib/x86_64-linux-gnu/libXfixes.so.3.1.0
7f84a9dfc000-7f84a9e08000 r-xp 00000000 08:10 918792                     /usr/lib/x86_64-linux-gnu/libpangocairo-1.0.so.0.4000.14
7f84a9e08000-7f84aa007000 ---p 0000c000 08:10 918792                     /usr/lib/x86_64-linux-gnu/libpangocairo-1.0.so.0.4000.14
7f84aa007000-7f84aa008000 r--p 0000b000 08:10 918792                     /usr/lib/x86_64-linux-gnu/libpangocairo-1.0.so.0.4000.14
7f84aa008000-7f84aa009000 rw-p 0000c000 08:10 918792                     /usr/lib/x86_64-linux-gnu/libpangocairo-1.0.so.0.4000.14
7f84aa009000-7f84aa00c000 r-xp 00000000 08:10 918915                     /usr/lib/x86_64-linux-gnu/libgmodule-2.0.so.0.5600.3
7f84aa00c000-7f84aa20b000 ---p 00003000 08:10 918915                     /usr/lib/x86_64-linux-gnu/libgmodule-2.0.so.0.5600.3
7f84aa20b000-7f84aa20c000 r--p 00002000 08:10 918915                     /usr/lib/x86_64-linux-gnu/libgmodule-2.0.so.0.5600.3
7f84aa20c000-7f84aa20d000 rw-p 00003000 08:10 918915                     /usr/lib/x86_64-linux-gnu/libgmodule-2.0.so.0.5600.3
7f84aa20d000-7f84aa212000 r-xp 00000000 08:10 925537                     /usr/lib/x86_64-linux-gnu/libXtst.so.6.1.0
7f84aa212000-7f84aa411000 ---p 00005000 08:10 925537                     /usr/lib/x86_64-linux-gnu/libXtst.so.6.1.0
7f84aa411000-7f84aa412000 r--p 00004000 08:10 925537                     /usr/lib/x86_64-linux-gnu/libXtst.so.6.1.0
7f84aa412000-7f84aa413000 rw-p 00005000 08:10 925537                     /usr/lib/x86_64-linux-gnu/libXtst.so.6.1.0
7f84aa413000-7f84aa526000 r-xp 00000000 08:10 918512                     /usr/lib/x86_64-linux-gnu/libglib-2.0.so.0.5600.3
7f84aa526000-7f84aa726000 ---p 00113000 08:10 918512                     /usr/lib/x86_64-linux-gnu/libglib-2.0.so.0.5600.3
7f84aa726000-7f84aa727000 r--p 00113000 08:10 918512                     /usr/lib/x86_64-linux-gnu/libglib-2.0.so.0.5600.3
7f84aa727000-7f84aa728000 rw-p 00114000 08:10 918512                     /usr/lib/x86_64-linux-gnu/libglib-2.0.so.0.5600.3
7f84aa728000-7f84aa729000 rw-p 00000000 00:00 0 
7f84aa729000-7f84aa72a000 r-xp 00000000 08:10 924374                     /usr/lib/x86_64-linux-gnu/libgthread-2.0.so.0.5600.3
7f84aa72a000-7f84aa929000 ---p 00001000 08:10 924374                     /usr/lib/x86_64-linux-gnu/libgthread-2.0.so.0.5600.3
7f84aa929000-7f84aa92a000 r--p 00000000 08:10 924374                     /usr/lib/x86_64-linux-gnu/libgthread-2.0.so.0.5600.3
7f84aa92a000-7f84aa92b000 rw-p 00001000 08:10 924374                     /usr/lib/x86_64-linux-gnu/libgthread-2.0.so.0.5600.3
7f84aa92b000-7f84aa97d000 r-xp 00000000 08:10 919380                     /usr/lib/x86_64-linux-gnu/libgobject-2.0.so.0.5600.3
7f84aa97d000-7f84aab7d000 ---p 00052000 08:10 919380                     /usr/lib/x86_64-linux-gnu/libgobject-2.0.so.0.5600.3
7f84aab7d000-7f84aab7e000 r--p 00052000 08:10 919380                     /usr/lib/x86_64-linux-gnu/libgobject-2.0.so.0.5600.3
7f84aab7e000-7f84aab7f000 rw-p 00053000 08:10 919380                     /usr/lib/x86_64-linux-gnu/libgobject-2.0.so.0.5600.3
7f84aab7f000-7f84aad14000 r-xp 00000000 08:10 918511                     /usr/lib/x86_64-linux-gnu/libgio-2.0.so.0.5600.3
7f84aad14000-7f84aaf14000 ---p 00195000 08:10 918511                     /usr/lib/x86_64-linux-gnu/libgio-2.0.so.0.5600.3
7f84aaf14000-7f84aaf1b000 r--p 00195000 08:10 918511                     /usr/lib/x86_64-linux-gnu/libgio-2.0.so.0.5600.3
7f84aaf1b000-7f84aaf1c000 rw-p 0019c000 08:10 918511                     /usr/lib/x86_64-linux-gnu/libgio-2.0.so.0.5600.3
7f84aaf1c000-7f84aaf1e000 rw-p 00000000 00:00 0 
7f84aaf1e000-7f84aaf40000 r-xp 00000000 08:10 925910                     /usr/lib/x86_64-linux-gnu/libgdk_pixbuf-2.0.so.0.3611.0
7f84aaf40000-7f84ab140000 ---p 00022000 08:10 925910                     /usr/lib/x86_64-linux-gnu/libgdk_pixbuf-2.0.so.0.3611.0
7f84ab140000-7f84ab141000 r--p 00022000 08:10 925910                     /usr/lib/x86_64-linux-gnu/libgdk_pixbuf-2.0.so.0.3611.0
7f84ab141000-7f84ab142000 rw-p 00023000 08:10 925910                     /usr/lib/x86_64-linux-gnu/libgdk_pixbuf-2.0.so.0.3611.0
7f84ab142000-7f84ab25a000 r-xp 00000000 08:10 925649                     /usr/lib/x86_64-linux-gnu/libcairo.so.2.11510.0
7f84ab25a000-7f84ab459000 ---p 00118000 08:10 925649                     /usr/lib/x86_64-linux-gnu/libcairo.so.2.11510.0
7f84ab459000-7f84ab45c000 r--p 00117000 08:10 925649                     /usr/lib/x86_64-linux-gnu/libcairo.so.2.11510.0
7f84ab45c000-7f84ab45e000 rw-p 0011a000 08:10 925649                     /usr/lib/x86_64-linux-gnu/libcairo.so.2.11510.0
7f84ab45e000-7f84ab45f000 rw-p 00000000 00:00 0 
7f84ab45f000-7f84ab50f000 r-xp 00000000 08:10 925908                     /usr/lib/x86_64-linux-gnu/libgdk-x11-2.0.so.0.2400.32
7f84ab50f000-7f84ab70e000 ---p 000b0000 08:10 925908                     /usr/lib/x86_64-linux-gnu/libgdk-x11-2.0.so.0.2400.32
7f84ab70e000-7f84ab712000 r--p 000af000 08:10 925908                     /usr/lib/x86_64-linux-gnu/libgdk-x11-2.0.so.0.2400.32
7f84ab712000-7f84ab714000 rw-p 000b3000 08:10 925908                     /usr/lib/x86_64-linux-gnu/libgdk-x11-2.0.so.0.2400.32
7f84ab714000-7f84abb49000 r-xp 00000000 08:10 926041                     /usr/lib/x86_64-linux-gnu/libgtk-x11-2.0.so.0.2400.32
7f84abb49000-7f84abd48000 ---p 00435000 08:10 926041                     /usr/lib/x86_64-linux-gnu/libgtk-x11-2.0.so.0.2400.32
7f84abd48000-7f84abd4f000 r--p 00434000 08:10 926041                     /usr/lib/x86_64-linux-gnu/libgtk-x11-2.0.so.0.2400.32
7f84abd4f000-7f84abd53000 rw-p 0043b000 08:10 926041                     /usr/lib/x86_64-linux-gnu/libgtk-x11-2.0.so.0.2400.32
7f84abd53000-7f84abd56000 rw-p 00000000 00:00 0 
7f84abd56000-7f84abd7e000 r-xp 00000000 08:10 1061789                    /usr/lib/jvm/java-8-openjdk-amd64/jre/lib/amd64/libglass.so
7f84abd7e000-7f84abf7e000 ---p 00028000 08:10 1061789                    /usr/lib/jvm/java-8-openjdk-amd64/jre/lib/amd64/libglass.so
7f84abf7e000-7f84abf7f000 r--p 00028000 08:10 1061789                    /usr/lib/jvm/java-8-openjdk-amd64/jre/lib/amd64/libglass.so
7f84abf7f000-7f84abf80000 rw-p 00029000 08:10 1061789                    /usr/lib/jvm/java-8-openjdk-amd64/jre/lib/amd64/libglass.so
7f84abf80000-7f84ac000000 rw-s 00000000 00:06 476                        /dev/nvidiactl
7f84ac000000-7f84ac021000 rw-p 00000000 00:00 0 
7f84ac021000-7f84b0000000 ---p 00000000 00:00 0 
7f84b0000000-7f84b0021000 rw-p 00000000 00:00 0 
7f84b0021000-7f84b4000000 ---p 00000000 00:00 0 
7f84b4000000-7f84b4160000 rw-p 00000000 00:00 0 
7f84b4160000-7f84b8000000 ---p 00000000 00:00 0 
7f84b8000000-7f84b8301000 rw-p 00000000 00:00 0 
7f84b8301000-7f84bc000000 ---p 00000000 00:00 0 
7f84bc000000-7f84bc021000 rw-p 00000000 00:00 0 
7f84bc021000-7f84c0000000 ---p 00000000 00:00 0 
7f84c0000000-7f84c0228000 rw-p 00000000 00:00 0 
7f84c0228000-7f84c4000000 ---p 00000000 00:00 0 
7f84c4000000-7f84c4021000 rw-p 00000000 00:00 0 
7f84c4021000-7f84c8000000 ---p 00000000 00:00 0 
7f84c8000000-7f84c8021000 rw-p 00000000 00:00 0 
7f84c8021000-7f84cc000000 ---p 00000000 00:00 0 
7f84cc000000-7f84cc021000 rw-p 00000000 00:00 0 
7f84cc021000-7f84d0000000 ---p 00000000 00:00 0 
7f84d0000000-7f84d0021000 rw-p 00000000 00:00 0 
7f84d0021000-7f84d4000000 ---p 00000000 00:00 0 
7f84d4000000-7f84d4021000 rw-p 00000000 00:00 0 
7f84d4021000-7f84d8000000 ---p 00000000 00:00 0 
7f84d8000000-7f84d8006000 r--s 00000000 08:10 4207982                    /var/cache/fontconfig/3047814df9a2f067bd2d96a2b9c36e5a-le64.cache-7
7f84d8006000-7f84d8007000 r--s 00000000 08:10 4194388                    /var/cache/fontconfig/56cf4f4769d0f4abc89a4895d7bd3ae1-le64.cache-7
7f84d8007000-7f84d8008000 r--s 00000000 08:10 4194410                    /var/cache/fontconfig/b9d506c9ac06c20b433354fa67a72993-le64.cache-7
7f84d8008000-7f84d800e000 r--s 00000000 08:10 4194408                    /var/cache/fontconfig/b47c4e1ecd0709278f4910c18777a504-le64.cache-7
7f84d800e000-7f84d8021000 r--s 00000000 08:10 4194417                    /var/cache/fontconfig/d52a8644073d54c13679302ca1180695-le64.cache-7
7f84d8021000-7f84d8022000 r--s 00000000 08:10 4194375                    /var/cache/fontconfig/370e5b74bf5dafc30834de68e24a87a4-le64.cache-7
7f84d8022000-7f84d8025000 r--s 00000000 08:10 4204632                    /var/cache/fontconfig/f259c2cffa685e28062317905db73c4a-le64.cache-7
7f84d8025000-7f84d8031000 r--s 00000000 08:10 4205898                    /var/cache/fontconfig/d589a48862398ed80a3d6066f4f56f4c-le64.cache-7
7f84d8031000-7f84d803f000 r--s 00000000 08:10 4194403                    /var/cache/fontconfig/9b89f8e3dae116d678bbf48e5f21f69b-le64.cache-7
7f84d803f000-7f84d80bf000 rw-s 00000000 00:06 476                        /dev/nvidiactl
7f84d80bf000-7f84d813f000 rw-s 00000000 00:06 476                        /dev/nvidiactl
7f84d813f000-7f84d823f000 rw-s 00000000 00:06 476                        /dev/nvidiactl
7f84d823f000-7f84d825f000 rw-s 00000000 00:06 477                        /dev/nvidia0
7f84d825f000-7f84d829f000 rw-s 00000000 00:06 476                        /dev/nvidiactl
7f84d829f000-7f84d83a4000 rw-s 00000000 00:06 476                        /dev/nvidiactl
7f84d83a4000-7f84d83b5000 r-xp 00000000 08:10 925511                     /usr/lib/x86_64-linux-gnu/libXext.so.6.4.0
7f84d83b5000-7f84d85b4000 ---p 00011000 08:10 925511                     /usr/lib/x86_64-linux-gnu/libXext.so.6.4.0
7f84d85b4000-7f84d85b5000 r--p 00010000 08:10 925511                     /usr/lib/x86_64-linux-gnu/libXext.so.6.4.0
7f84d85b5000-7f84d85b6000 rw-p 00011000 08:10 925511                     /usr/lib/x86_64-linux-gnu/libXext.so.6.4.0
7f84d85b6000-7f84d99d5000 r-xp 00000000 08:10 922762                     /usr/lib/x86_64-linux-gnu/libnvidia-glcore.so.390.77
7f84d99d5000-7f84d99f6000 rwxp 0141f000 08:10 922762                     /usr/lib/x86_64-linux-gnu/libnvidia-glcore.so.390.77
7f84d99f6000-7f84d9e32000 r-xp 01440000 08:10 922762                     /usr/lib/x86_64-linux-gnu/libnvidia-glcore.so.390.77
7f84d9e32000-7f84da031000 ---p 0187c000 08:10 922762                     /usr/lib/x86_64-linux-gnu/libnvidia-glcore.so.390.77
7f84da031000-7f84da3a4000 rw-p 0187b000 08:10 922762                     /usr/lib/x86_64-linux-gnu/libnvidia-glcore.so.390.77
7f84da3a4000-7f84da3be000 rw-p 00000000 00:00 0 
7f84da3be000-7f84da3c1000 r-xp 00000000 08:10 1180245                    /usr/lib/x86_64-linux-gnu/tls/libnvidia-tls.so.390.77
7f84da3c1000-7f84da5c1000 ---p 00003000 08:10 1180245                    /usr/lib/x86_64-linux-gnu/tls/libnvidia-tls.so.390.77
7f84da5c1000-7f84da5c2000 rw-p 00003000 08:10 1180245                    /usr/lib/x86_64-linux-gnu/tls/libnvidia-tls.so.390.77
7f84da5c2000-7f84da68b000 r-xp 00000000 08:10 922756                     /usr/lib/x86_64-linux-gnu/libGLX_nvidia.so.390.77
7f84da68b000-7f84da6bf000 rwxp 000c9000 08:10 922756                     /usr/lib/x86_64-linux-gnu/libGLX_nvidia.so.390.77
7f84da6bf000-7f84da6d3000 r-xp 000fd000 08:10 922756                     /usr/lib/x86_64-linux-gnu/libGLX_nvidia.so.390.77
7f84da6d3000-7f84da8d3000 ---p 00111000 08:10 922756                     /usr/lib/x86_64-linux-gnu/libGLX_nvidia.so.390.77
7f84da8d3000-7f84da8f8000 rw-p 00111000 08:10 922756                     /usr/lib/x86_64-linux-gnu/libGLX_nvidia.so.390.77
7f84da8f8000-7f84da8ff000 rw-p 00000000 00:00 0 
7f84da8ff000-7f84da912000 r-xp 00000000 08:10 6296219                    /lib/x86_64-linux-gnu/libbsd.so.0.8.7
7f84da912000-7f84dab11000 ---p 00013000 08:10 6296219                    /lib/x86_64-linux-gnu/libbsd.so.0.8.7
7f84dab11000-7f84dab12000 r--p 00012000 08:10 6296219                    /lib/x86_64-linux-gnu/libbsd.so.0.8.7
7f84dab12000-7f84dab13000 rw-p 00013000 08:10 6296219                    /lib/x86_64-linux-gnu/libbsd.so.0.8.7
7f84dab13000-7f84dab14000 rw-p 00000000 00:00 0 
7f84dab14000-7f84dab19000 r-xp 00000000 08:10 925509                     /usr/lib/x86_64-linux-gnu/libXdmcp.so.6.0.0
7f84dab19000-7f84dad18000 ---p 00005000 08:10 925509                     /usr/lib/x86_64-linux-gnu/libXdmcp.so.6.0.0
7f84dad18000-7f84dad19000 r--p 00004000 08:10 925509                     /usr/lib/x86_64-linux-gnu/libXdmcp.so.6.0.0
7f84dad19000-7f84dad1a000 rw-p 00005000 08:10 925509                     /usr/lib/x86_64-linux-gnu/libXdmcp.so.6.0.0
7f84dad1a000-7f84dad1c000 r-xp 00000000 08:10 925498                     /usr/lib/x86_64-linux-gnu/libXau.so.6.0.0
7f84dad1c000-7f84daf1c000 ---p 00002000 08:10 925498                     /usr/lib/x86_64-linux-gnu/libXau.so.6.0.0
7f84daf1c000-7f84daf1d000 r--p 00002000 08:10 925498                     /usr/lib/x86_64-linux-gnu/libXau.so.6.0.0
7f84daf1d000-7f84daf1e000 rw-p 00003000 08:10 925498                     /usr/lib/x86_64-linux-gnu/libXau.so.6.0.0
7f84daf1e000-7f84daf60000 r-xp 00000000 08:10 924937                     /usr/lib/x86_64-linux-gnu/libGLdispatch.so.0.0.0
7f84daf60000-7f84daf79000 r-xp 00042000 08:10 924937                     /usr/lib/x86_64-linux-gnu/libGLdispatch.so.0.0.0
7f84daf79000-7f84daf8c000 r-xp 0005b000 08:10 924937                     /usr/lib/x86_64-linux-gnu/libGLdispatch.so.0.0.0
7f84daf8c000-7f84db18b000 ---p 0006e000 08:10 924937                     /usr/lib/x86_64-linux-gnu/libGLdispatch.so.0.0.0
7f84db18b000-7f84db1b3000 r--p 0006d000 08:10 924937                     /usr/lib/x86_64-linux-gnu/libGLdispatch.so.0.0.0
7f84db1b3000-7f84db1b4000 rw-p 00095000 08:10 924937                     /usr/lib/x86_64-linux-gnu/libGLdispatch.so.0.0.0
7f84db1b4000-7f84db1d4000 rw-p 00000000 00:00 0 
7f84db1d4000-7f84db1e4000 r-xp 00000000 08:10 924425                     /usr/lib/x86_64-linux-gnu/libGLX.so.0.0.0
7f84db1e4000-7f84db3e3000 ---p 00010000 08:10 924425                     /usr/lib/x86_64-linux-gnu/libGLX.so.0.0.0
7f84db3e3000-7f84db3e4000 r--p 0000f000 08:10 924425                     /usr/lib/x86_64-linux-gnu/libGLX.so.0.0.0
7f84db3e4000-7f84db3e5000 rw-p 00010000 08:10 924425                     /usr/lib/x86_64-linux-gnu/libGLX.so.0.0.0
7f84db3e5000-7f84db405000 rw-p 00000000 00:00 0 
7f84db405000-7f84db42b000 r-xp 00000000 08:10 926702                     /usr/lib/x86_64-linux-gnu/libxcb.so.1.1.0
7f84db42b000-7f84db62b000 ---p 00026000 08:10 926702                     /usr/lib/x86_64-linux-gnu/libxcb.so.1.1.0
7f84db62b000-7f84db62c000 r--p 00026000 08:10 926702                     /usr/lib/x86_64-linux-gnu/libxcb.so.1.1.0
7f84db62c000-7f84db62d000 rw-p 00027000 08:10 926702                     /usr/lib/x86_64-linux-gnu/libxcb.so.1.1.0
7f84db62d000-7f84db671000 r-xp 00000000 08:10 917953                     /usr/lib/x86_64-linux-gnu/libGL.so.1.0.0
7f84db671000-7f84db68a000 r-xp 00044000 08:10 917953                     /usr/lib/x86_64-linux-gnu/libGL.so.1.0.0
7f84db68a000-7f84db69e000 r-xp 0005d000 08:10 917953                     /usr/lib/x86_64-linux-gnu/libGL.so.1.0.0
7f84db69e000-7f84db89d000 ---p 00071000 08:10 917953                     /usr/lib/x86_64-linux-gnu/libGL.so.1.0.0
7f84db89d000-7f84db8b7000 r--p 00070000 08:10 917953                     /usr/lib/x86_64-linux-gnu/libGL.so.1.0.0
7f84db8b7000-7f84db8b8000 rw-p 0008a000 08:10 917953                     /usr/lib/x86_64-linux-gnu/libGL.so.1.0.0
7f84db8b8000-7f84db8b9000 rw-p 00000000 00:00 0 
7f84db8b9000-7f84db9ec000 r-xp 00000000 08:10 925458                     /usr/lib/x86_64-linux-gnu/libX11.so.6.3.0
7f84db9ec000-7f84dbbec000 ---p 00133000 08:10 925458                     /usr/lib/x86_64-linux-gnu/libX11.so.6.3.0
7f84dbbec000-7f84dbbed000 r--p 00133000 08:10 925458                     /usr/lib/x86_64-linux-gnu/libX11.so.6.3.0
7f84dbbed000-7f84dbbf1000 rw-p 00134000 08:10 925458                     /usr/lib/x86_64-linux-gnu/libX11.so.6.3.0
7f84dbbf1000-7f84dbbfd000 r-xp 00000000 08:10 1061798                    /usr/lib/jvm/java-8-openjdk-amd64/jre/lib/amd64/libprism_es2.so
7f84dbbfd000-7f84dbdfc000 ---p 0000c000 08:10 1061798                    /usr/lib/jvm/java-8-openjdk-amd64/jre/lib/amd64/libprism_es2.so
7f84dbdfc000-7f84dbdfd000 r--p 0000b000 08:10 1061798                    /usr/lib/jvm/java-8-openjdk-amd64/jre/lib/amd64/libprism_es2.so
7f84dbdfd000-7f84dbdfe000 rw-p 0000c000 08:10 1061798                    /usr/lib/jvm/java-8-openjdk-amd64/jre/lib/amd64/libprism_es2.so
7f84dbdfe000-7f84dbe01000 ---p 00000000 00:00 0 
7f84dbe01000-7f84dbeff000 rw-p 00000000 00:00 0 
7f84dbeff000-7f84dbf00000 ---p 00000000 00:00 0 
7f84dbf00000-7f84dc000000 rw-p 00000000 00:00 0 
7f84dc000000-7f84dc021000 rw-p 00000000 00:00 0 
7f84dc021000-7f84e0000000 ---p 00000000 00:00 0 
7f84e0000000-7f84e0001000 r--s 00000000 08:10 4204633                    /var/cache/fontconfig/6b2c5944714ca7831b25bed9e85cb5c8-le64.cache-7
7f84e0001000-7f84e0002000 r--s 00000000 08:10 4194416                    /var/cache/fontconfig/d5178ab6d91b49bf20a416737dcea9e8-le64.cache-7
7f84e0002000-7f84e0004000 r--s 00000000 08:10 4204631                    /var/cache/fontconfig/550f3886151c940c12a5ed35f6a00586-le64.cache-7
7f84e0004000-7f84e0007000 r--s 00000000 08:10 4204630                    /var/cache/fontconfig/674d1711f2d1d2a09646eb0bdcadee49-le64.cache-7
7f84e0007000-7f84e001e000 r--s 00249000 08:03 28448427                   /home/bozhidar/.m2/repository/com/jfoenix/jfoenix/8.0.4/jfoenix-8.0.4.jar
7f84e001e000-7f84e003e000 rw-s 00000000 00:06 476                        /dev/nvidiactl
7f84e003e000-7f84e0041000 ---p 00000000 00:00 0 
7f84e0041000-7f84e013f000 rw-p 00000000 00:00 0 
7f84e013f000-7f84e0140000 ---p 00000000 00:00 0 
7f84e0140000-7f84e0143000 ---p 00000000 00:00 0 
7f84e0143000-7f84e4000000 rw-p 00000000 00:00 0 
7f84e4000000-7f84e4021000 rw-p 00000000 00:00 0 
7f84e4021000-7f84e8000000 ---p 00000000 00:00 0 
7f84e8000000-7f84e8001000 r--s 00000000 08:10 4200826                    /var/cache/fontconfig/551ecf3b0e8b0bca0f25c0944f561853-le64.cache-7
7f84e8001000-7f84e8002000 r--s 00000000 08:10 4194378                    /var/cache/fontconfig/3f7329c5293ffd510edef78f73874cfd-le64.cache-7
7f84e8002000-7f84e8003000 r--s 00000000 08:10 4194364                    /var/cache/fontconfig/0c9eb80ebd1c36541ebe2852d3bb0c49-le64.cache-7
7f84e8003000-7f84e8016000 rw-s 00000000 00:06 476                        /dev/nvidiactl
7f84e8016000-7f84e8056000 rw-s 00000000 00:06 476                        /dev/nvidiactl
7f84e8076000-7f84e8091000 r--s 00394000 08:10 1057294                    /usr/lib/jvm/java-8-openjdk-amd64/jre/lib/ext/cldrdata.jar
7f84e8091000-7f84e80ac000 r--s 001d6000 08:10 1058046                    /usr/lib/jvm/java-8-openjdk-amd64/jre/lib/ext/nashorn.jar
7f84e80ac000-7f84e80ad000 ---p 00000000 00:00 0 
7f84e80ad000-7f84e80b0000 ---p 00000000 00:00 0 
7f84e80b0000-7f84e81ad000 rw-p 00000000 00:00 0 
7f84e81ad000-7f84e81ae000 ---p 00000000 00:00 0 
7f84e81ae000-7f84e81b1000 ---p 00000000 00:00 0 
7f84e81b1000-7f84e82ae000 rw-p 00000000 00:00 0 
7f84e82ae000-7f84e82b1000 ---p 00000000 00:00 0 
7f84e82b1000-7f84e83af000 rw-p 00000000 00:00 0 
7f84e83af000-7f84e8eff000 r--p 00000000 08:10 924358                     /usr/lib/locale/locale-archive
7f84e8eff000-7f84e8f02000 ---p 00000000 00:00 0 
7f84e8f02000-7f84e9000000 rw-p 00000000 00:00 0 
7f84e9000000-7f84e9570000 rwxp 00000000 00:00 0 
7f84e9570000-7f84f8000000 ---p 00000000 00:00 0 
7f84f8000000-7f84f8348000 rw-p 00000000 00:00 0 
7f84f8348000-7f84fc000000 ---p 00000000 00:00 0 
7f84fc000000-7f84fc001000 r--s 00000000 08:10 4194371                    /var/cache/fontconfig/22368d551a680bfe5a62c02760edf4ea-le64.cache-7
7f84fc001000-7f84fc002000 r--s 00000000 08:10 4194383                    /var/cache/fontconfig/4d9c95eba1cb85bbcf2878543262124a-le64.cache-7
7f84fc002000-7f84fc003000 r--s 00000000 08:10 4194400                    /var/cache/fontconfig/85e0a52ce643a7ba2ae53e5d6949cead-le64.cache-7
7f84fc003000-7f84fc004000 r--s 00000000 08:10 4194380                    /var/cache/fontconfig/49f0de54bdd920fe4f0dfd4cbac43e6b-le64.cache-7
7f84fc004000-7f84fc005000 r--s 00000000 08:10 4194427                    /var/cache/fontconfig/f6e6e0a5c3d2f6ae0c0c2e0ecd42a997-le64.cache-7
7f84fc005000-7f84fc006000 r--s 00000000 08:10 4194381                    /var/cache/fontconfig/4b2eda6bb976bda485cb2176619421d5-le64.cache-7
7f84fc006000-7f84fc008000 r--s 00000000 08:10 4194395                    /var/cache/fontconfig/6afa1bb216ce958c1589e297e8008489-le64.cache-7
7f84fc008000-7f84fc00b000 r--s 00000000 08:10 4194422                    /var/cache/fontconfig/e13b20fdb08344e0e664864cc2ede53d-le64.cache-7
7f84fc00b000-7f84fc00f000 r--s 006b9000 08:03 41157845                   /home/bozhidar/.m2/repository/org/xerial/sqlite-jdbc/3.25.2/sqlite-jdbc-3.25.2.jar
7f84fc00f000-7f84fc011000 rw-s 00000000 08:10 1835357                    /tmp/.glC2GzOO (deleted)
7f84fc011000-7f84fc0a8000 r--s 007cb000 08:10 2623084                    /usr/share/java/openjfx/jre/lib/ext/jfxrt.jar
7f84fc0a8000-7f84fc0ab000 ---p 00000000 00:00 0 
7f84fc0ab000-7f84fc1a9000 rw-p 00000000 00:00 0 
7f84fc1a9000-7f84fc1aa000 ---p 00000000 00:00 0 
7f84fc1aa000-7f84fd28b000 rw-p 00000000 00:00 0 
7f84fd28b000-7f84fd45a000 r--s 03c33000 08:10 1058574                    /usr/lib/jvm/java-8-openjdk-amd64/jre/lib/rt.jar
7f84fd45a000-7f84fe0ac000 rw-p 00000000 00:00 0 
7f84fe0ac000-7f84fe0ad000 ---p 00000000 00:00 0 
7f84fe0ad000-7f84fe1ad000 rw-p 00000000 00:00 0 
7f84fe1ad000-7f84fe1ae000 ---p 00000000 00:00 0 
7f84fe1ae000-7f84fe2ae000 rw-p 00000000 00:00 0 
7f84fe2ae000-7f84fe2af000 ---p 00000000 00:00 0 
7f84fe2af000-7f84fe3af000 rw-p 00000000 00:00 0 
7f84fe3af000-7f84fe3b0000 ---p 00000000 00:00 0 
7f84fe3b0000-7f84fe4da000 rw-p 00000000 00:00 0 
7f84fe4da000-7f84fe743000 ---p 00000000 00:00 0 
7f84fe743000-7f84fe76d000 rw-p 00000000 00:00 0 
7f84fe76d000-7f84fe9d5000 ---p 00000000 00:00 0 
7f84fe9d5000-7f84fe9eb000 rw-p 00000000 00:00 0 
7f84fe9eb000-7f84feb1f000 ---p 00000000 00:00 0 
7f84feb1f000-7f84feb36000 rw-p 00000000 00:00 0 
7f84feb36000-7f84feee0000 ---p 00000000 00:00 0 
7f84feee0000-7f84feee8000 r-xp 00000000 08:10 1056763                    /usr/lib/jvm/java-8-openjdk-amd64/jre/lib/amd64/libzip.so
7f84feee8000-7f84ff0e7000 ---p 00008000 08:10 1056763                    /usr/lib/jvm/java-8-openjdk-amd64/jre/lib/amd64/libzip.so
7f84ff0e7000-7f84ff0e8000 r--p 00007000 08:10 1056763                    /usr/lib/jvm/java-8-openjdk-amd64/jre/lib/amd64/libzip.so
7f84ff0e8000-7f84ff0e9000 rw-p 00008000 08:10 1056763                    /usr/lib/jvm/java-8-openjdk-amd64/jre/lib/amd64/libzip.so
7f84ff0e9000-7f84ff0f4000 r-xp 00000000 08:10 6296313                    /lib/x86_64-linux-gnu/libnss_files-2.27.so
7f84ff0f4000-7f84ff2f3000 ---p 0000b000 08:10 6296313                    /lib/x86_64-linux-gnu/libnss_files-2.27.so
7f84ff2f3000-7f84ff2f4000 r--p 0000a000 08:10 6296313                    /lib/x86_64-linux-gnu/libnss_files-2.27.so
7f84ff2f4000-7f84ff2f5000 rw-p 0000b000 08:10 6296313                    /lib/x86_64-linux-gnu/libnss_files-2.27.so
7f84ff2f5000-7f84ff2fb000 rw-p 00000000 00:00 0 
7f84ff2fb000-7f84ff312000 r-xp 00000000 08:10 6296307                    /lib/x86_64-linux-gnu/libnsl-2.27.so
7f84ff312000-7f84ff511000 ---p 00017000 08:10 6296307                    /lib/x86_64-linux-gnu/libnsl-2.27.so
7f84ff511000-7f84ff512000 r--p 00016000 08:10 6296307                    /lib/x86_64-linux-gnu/libnsl-2.27.so
7f84ff512000-7f84ff513000 rw-p 00017000 08:10 6296307                    /lib/x86_64-linux-gnu/libnsl-2.27.so
7f84ff513000-7f84ff515000 rw-p 00000000 00:00 0 
7f84ff515000-7f84ff520000 r-xp 00000000 08:10 6296324                    /lib/x86_64-linux-gnu/libnss_nis-2.27.so
7f84ff520000-7f84ff71f000 ---p 0000b000 08:10 6296324                    /lib/x86_64-linux-gnu/libnss_nis-2.27.so
7f84ff71f000-7f84ff720000 r--p 0000a000 08:10 6296324                    /lib/x86_64-linux-gnu/libnss_nis-2.27.so
7f84ff720000-7f84ff721000 rw-p 0000b000 08:10 6296324                    /lib/x86_64-linux-gnu/libnss_nis-2.27.so
7f84ff721000-7f84ff729000 r-xp 00000000 08:10 6296309                    /lib/x86_64-linux-gnu/libnss_compat-2.27.so
7f84ff729000-7f84ff929000 ---p 00008000 08:10 6296309                    /lib/x86_64-linux-gnu/libnss_compat-2.27.so
7f84ff929000-7f84ff92a000 r--p 00008000 08:10 6296309                    /lib/x86_64-linux-gnu/libnss_compat-2.27.so
7f84ff92a000-7f84ff92b000 rw-p 00009000 08:10 6296309                    /lib/x86_64-linux-gnu/libnss_compat-2.27.so
7f84ff92b000-7f84ff959000 r-xp 00000000 08:10 1056717                    /usr/lib/jvm/java-8-openjdk-amd64/jre/lib/amd64/libjava.so
7f84ff959000-7f84ffb58000 ---p 0002e000 08:10 1056717                    /usr/lib/jvm/java-8-openjdk-amd64/jre/lib/amd64/libjava.so
7f84ffb58000-7f84ffb59000 r--p 0002d000 08:10 1056717                    /usr/lib/jvm/java-8-openjdk-amd64/jre/lib/amd64/libjava.so
7f84ffb59000-7f84ffb5b000 rw-p 0002e000 08:10 1056717                    /usr/lib/jvm/java-8-openjdk-amd64/jre/lib/amd64/libjava.so
7f84ffb5b000-7f84ffb6b000 r-xp 00000000 08:10 1056761                    /usr/lib/jvm/java-8-openjdk-amd64/jre/lib/amd64/libverify.so
7f84ffb6b000-7f84ffd6a000 ---p 00010000 08:10 1056761                    /usr/lib/jvm/java-8-openjdk-amd64/jre/lib/amd64/libverify.so
7f84ffd6a000-7f84ffd6c000 r--p 0000f000 08:10 1056761                    /usr/lib/jvm/java-8-openjdk-amd64/jre/lib/amd64/libverify.so
7f84ffd6c000-7f84ffd6d000 rw-p 00011000 08:10 1056761                    /usr/lib/jvm/java-8-openjdk-amd64/jre/lib/amd64/libverify.so
7f84ffd6d000-7f84ffd74000 r-xp 00000000 08:10 6296364                    /lib/x86_64-linux-gnu/librt-2.27.so
7f84ffd74000-7f84fff73000 ---p 00007000 08:10 6296364                    /lib/x86_64-linux-gnu/librt-2.27.so
7f84fff73000-7f84fff74000 r--p 00006000 08:10 6296364                    /lib/x86_64-linux-gnu/librt-2.27.so
7f84fff74000-7f84fff75000 rw-p 00007000 08:10 6296364                    /lib/x86_64-linux-gnu/librt-2.27.so
7f84fff75000-7f84fff8c000 r-xp 00000000 08:10 6291513                    /lib/x86_64-linux-gnu/libgcc_s.so.1
7f84fff8c000-7f850018b000 ---p 00017000 08:10 6291513                    /lib/x86_64-linux-gnu/libgcc_s.so.1
7f850018b000-7f850018c000 r--p 00016000 08:10 6291513                    /lib/x86_64-linux-gnu/libgcc_s.so.1
7f850018c000-7f850018d000 rw-p 00017000 08:10 6291513                    /lib/x86_64-linux-gnu/libgcc_s.so.1
7f850018d000-7f850032a000 r-xp 00000000 08:10 6296286                    /lib/x86_64-linux-gnu/libm-2.27.so
7f850032a000-7f8500529000 ---p 0019d000 08:10 6296286                    /lib/x86_64-linux-gnu/libm-2.27.so
7f8500529000-7f850052a000 r--p 0019c000 08:10 6296286                    /lib/x86_64-linux-gnu/libm-2.27.so
7f850052a000-7f850052b000 rw-p 0019d000 08:10 6296286                    /lib/x86_64-linux-gnu/libm-2.27.so
7f850052b000-7f85006a4000 r-xp 00000000 08:10 918219                     /usr/lib/x86_64-linux-gnu/libstdc++.so.6.0.25
7f85006a4000-7f85008a4000 ---p 00179000 08:10 918219                     /usr/lib/x86_64-linux-gnu/libstdc++.so.6.0.25
7f85008a4000-7f85008ae000 r--p 00179000 08:10 918219                     /usr/lib/x86_64-linux-gnu/libstdc++.so.6.0.25
7f85008ae000-7f85008b0000 rw-p 00183000 08:10 918219                     /usr/lib/x86_64-linux-gnu/libstdc++.so.6.0.25
7f85008b0000-7f85008b4000 rw-p 00000000 00:00 0 
7f85008b4000-7f850154e000 r-xp 00000000 08:10 1056798                    /usr/lib/jvm/java-8-openjdk-amd64/jre/lib/amd64/server/libjvm.so
7f850154e000-7f850174d000 ---p 00c9a000 08:10 1056798                    /usr/lib/jvm/java-8-openjdk-amd64/jre/lib/amd64/server/libjvm.so
7f850174d000-7f85017e1000 r--p 00c99000 08:10 1056798                    /usr/lib/jvm/java-8-openjdk-amd64/jre/lib/amd64/server/libjvm.so
7f85017e1000-7f850180a000 rw-p 00d2d000 08:10 1056798                    /usr/lib/jvm/java-8-openjdk-amd64/jre/lib/amd64/server/libjvm.so
7f850180a000-7f850183a000 rw-p 00000000 00:00 0 
7f850183a000-7f8501854000 r-xp 00000000 08:10 6296356                    /lib/x86_64-linux-gnu/libpthread-2.27.so
7f8501854000-7f8501a53000 ---p 0001a000 08:10 6296356                    /lib/x86_64-linux-gnu/libpthread-2.27.so
7f8501a53000-7f8501a54000 r--p 00019000 08:10 6296356                    /lib/x86_64-linux-gnu/libpthread-2.27.so
7f8501a54000-7f8501a55000 rw-p 0001a000 08:10 6296356                    /lib/x86_64-linux-gnu/libpthread-2.27.so
7f8501a55000-7f8501a59000 rw-p 00000000 00:00 0 
7f8501a59000-7f8501a5c000 r-xp 00000000 08:10 6296246                    /lib/x86_64-linux-gnu/libdl-2.27.so
7f8501a5c000-7f8501c5b000 ---p 00003000 08:10 6296246                    /lib/x86_64-linux-gnu/libdl-2.27.so
7f8501c5b000-7f8501c5c000 r--p 00002000 08:10 6296246                    /lib/x86_64-linux-gnu/libdl-2.27.so
7f8501c5c000-7f8501c5d000 rw-p 00003000 08:10 6296246                    /lib/x86_64-linux-gnu/libdl-2.27.so
7f8501c5d000-7f8501c79000 r-xp 00000000 08:10 6296395                    /lib/x86_64-linux-gnu/libz.so.1.2.11
7f8501c79000-7f8501e78000 ---p 0001c000 08:10 6296395                    /lib/x86_64-linux-gnu/libz.so.1.2.11
7f8501e78000-7f8501e79000 r--p 0001b000 08:10 6296395                    /lib/x86_64-linux-gnu/libz.so.1.2.11
7f8501e79000-7f8501e7a000 rw-p 0001c000 08:10 6296395                    /lib/x86_64-linux-gnu/libz.so.1.2.11
7f8501e7a000-7f8502061000 r-xp 00000000 08:10 6296223                    /lib/x86_64-linux-gnu/libc-2.27.so
7f8502061000-7f8502261000 ---p 001e7000 08:10 6296223                    /lib/x86_64-linux-gnu/libc-2.27.so
7f8502261000-7f8502265000 r--p 001e7000 08:10 6296223                    /lib/x86_64-linux-gnu/libc-2.27.so
7f8502265000-7f8502267000 rw-p 001eb000 08:10 6296223                    /lib/x86_64-linux-gnu/libc-2.27.so
7f8502267000-7f850226b000 rw-p 00000000 00:00 0 
7f850226b000-7f8502279000 r-xp 00000000 08:10 1055363                    /usr/lib/jvm/java-8-openjdk-amd64/jre/lib/amd64/jli/libjli.so
7f8502279000-7f8502478000 ---p 0000e000 08:10 1055363                    /usr/lib/jvm/java-8-openjdk-amd64/jre/lib/amd64/jli/libjli.so
7f8502478000-7f8502479000 r--p 0000d000 08:10 1055363                    /usr/lib/jvm/java-8-openjdk-amd64/jre/lib/amd64/jli/libjli.so
7f8502479000-7f850247a000 rw-p 0000e000 08:10 1055363                    /usr/lib/jvm/java-8-openjdk-amd64/jre/lib/amd64/jli/libjli.so
7f850247a000-7f85024a1000 r-xp 00000000 08:10 6296195                    /lib/x86_64-linux-gnu/ld-2.27.so
7f85024a1000-7f85024a2000 rw-s 00000000 00:06 476                        /dev/nvidiactl
7f85024a2000-7f85024a6000 rw-s 00000000 00:06 476                        /dev/nvidiactl
7f85024a6000-7f85024a7000 rw-s 00000000 00:06 477                        /dev/nvidia0
7f85024a7000-7f85024a8000 rw-s 00000000 00:06 477                        /dev/nvidia0
7f85024a8000-7f85024a9000 rw-s 00000000 00:06 476                        /dev/nvidiactl
7f85024a9000-7f85024aa000 r--s 00010000 08:10 1058356                    /usr/lib/jvm/java-8-openjdk-amd64/jre/lib/ext/zipfs.jar
7f85024aa000-7f85024ad000 r--s 00038000 08:10 1058352                    /usr/lib/jvm/java-8-openjdk-amd64/jre/lib/ext/sunpkcs11.jar
7f85024ad000-7f85024b7000 r--s 00116000 08:10 1058042                    /usr/lib/jvm/java-8-openjdk-amd64/jre/lib/ext/localedata.jar
7f85024b7000-7f8502582000 rw-p 00000000 00:00 0 
7f8502582000-7f8502583000 ---p 00000000 00:00 0 
7f8502583000-7f8502586000 ---p 00000000 00:00 0 
7f8502586000-7f8502685000 rw-p 00000000 00:00 0 
7f8502685000-7f8502687000 r--s 00007000 08:10 1318829                    /usr/share/java/java-atk-wrapper.jar
7f8502687000-7f850268a000 r--s 0000f000 08:10 1057303                    /usr/lib/jvm/java-8-openjdk-amd64/jre/lib/ext/icedtea-sound.jar
7f850268a000-7f850268b000 r--s 0000a000 08:10 1058038                    /usr/lib/jvm/java-8-openjdk-amd64/jre/lib/ext/jaccess.jar
7f850268b000-7f850268d000 r--s 00001000 08:10 1057298                    /usr/lib/jvm/java-8-openjdk-amd64/jre/lib/ext/dnsns.jar
7f850268d000-7f8502693000 r--s 0003b000 08:10 1058054                    /usr/lib/jvm/java-8-openjdk-amd64/jre/lib/ext/sunjce_provider.jar
7f8502693000-7f8502695000 r--s 00008000 08:10 1058050                    /usr/lib/jvm/java-8-openjdk-amd64/jre/lib/ext/sunec.jar
7f8502695000-7f850269d000 rw-s 00000000 08:10 1967678                    /tmp/hsperfdata_bozhidar/30245
7f850269d000-7f850269e000 rw-p 00000000 00:00 0 
7f850269e000-7f850269f000 r--p 00000000 00:00 0 
7f850269f000-7f85026a1000 rw-p 00000000 00:00 0 
7f85026a1000-7f85026a2000 r--p 00027000 08:10 6296195                    /lib/x86_64-linux-gnu/ld-2.27.so
7f85026a2000-7f85026a3000 rw-p 00028000 08:10 6296195                    /lib/x86_64-linux-gnu/ld-2.27.so
7f85026a3000-7f85026a4000 rw-p 00000000 00:00 0 
7ffd1679c000-7ffd167bd000 rw-p 00000000 00:00 0                          [stack]
7ffd167cb000-7ffd167ce000 r--p 00000000 00:00 0                          [vvar]
7ffd167ce000-7ffd167d0000 r-xp 00000000 00:00 0                          [vdso]
ffffffffff600000-ffffffffff601000 r-xp 00000000 00:00 0                  [vsyscall]

VM Arguments:
java_command: application.CulinaryStartup
java_class_path (initial): /home/bozhidar/Project/CourseProject/culinary-unit-training/target/classes:/home/bozhidar/.m2/repository/com/jfoenix/jfoenix/8.0.4/jfoenix-8.0.4.jar:/home/bozhidar/.m2/repository/org/xerial/sqlite-jdbc/3.25.2/sqlite-jdbc-3.25.2.jar
Launcher Type: SUN_STANDARD

Environment Variables:
JAVA_HOME=/usr/lib/jvm/java-8-openjdk-amd64
PATH=/usr/local/sbin:/usr/local/bin:/usr/sbin:/usr/bin:/sbin:/bin:/usr/games:/usr/local/games:/snap/bin
USERNAME=bozhidar
LD_LIBRARY_PATH=/usr/lib/jvm/java-8-openjdk-amd64/jre/lib/amd64:/usr/lib/jvm/java-8-openjdk-amd64/jre/lib/i386:
SHELL=/bin/bash
DISPLAY=:0

Signal Handlers:
SIGSEGV: [libjvm.so+0xab2e60], sa_mask[0]=11111111011111111101111111111110, sa_flags=SA_RESTART|SA_SIGINFO
SIGBUS: [libjvm.so+0xab2e60], sa_mask[0]=11111111011111111101111111111110, sa_flags=SA_RESTART|SA_SIGINFO
SIGFPE: [libjvm.so+0x8e8860], sa_mask[0]=11111111011111111101111111111110, sa_flags=SA_RESTART|SA_SIGINFO
SIGPIPE: SIG_IGN, sa_mask[0]=00000000000010000000000000000000, sa_flags=SA_RESTART
SIGXFSZ: [libjvm.so+0x8e8860], sa_mask[0]=11111111011111111101111111111110, sa_flags=SA_RESTART|SA_SIGINFO
SIGILL: [libjvm.so+0x8e8860], sa_mask[0]=11111111011111111101111111111110, sa_flags=SA_RESTART|SA_SIGINFO
SIGUSR1: SIG_DFL, sa_mask[0]=00000000000000000000000000000000, sa_flags=none
SIGUSR2: [libjvm.so+0x8e8710], sa_mask[0]=00100000000000000000000000000000, sa_flags=SA_RESTART|SA_SIGINFO
SIGHUP: [libjvm.so+0x8e8d80], sa_mask[0]=11111111011111111101111111111110, sa_flags=SA_RESTART|SA_SIGINFO
SIGINT: SIG_IGN, sa_mask[0]=00000000000000000000000000000000, sa_flags=none
SIGTERM: [libjvm.so+0x8e8d80], sa_mask[0]=11111111011111111101111111111110, sa_flags=SA_RESTART|SA_SIGINFO
SIGQUIT: [libjvm.so+0x8e8d80], sa_mask[0]=11111111011111111101111111111110, sa_flags=SA_RESTART|SA_SIGINFO


---------------  S Y S T E M  ---------------

OS:DISTRIB_ID=Ubuntu
DISTRIB_RELEASE=18.04
DISTRIB_CODENAME=bionic
DISTRIB_DESCRIPTION="Ubuntu 18.04.1 LTS"

uname:Linux 4.15.0-39-generic #42-Ubuntu SMP Tue Oct 23 15:48:01 UTC 2018 x86_64
libc:glibc 2.27 NPTL 2.27 
rlimit: STACK 8192k, CORE 0k, NPROC 30600, NOFILE 1048576, AS infinity
load average:0.80 0.84 0.74

/proc/meminfo:
MemTotal:        8089244 kB
MemFree:          143920 kB
MemAvailable:    3351308 kB
Buffers:          382308 kB
Cached:          3066840 kB
SwapCached:          332 kB
Active:          5152436 kB
Inactive:        2279080 kB
Active(anon):    3778232 kB
Inactive(anon):   281668 kB
Active(file):    1374204 kB
Inactive(file):  1997412 kB
Unevictable:         264 kB
Mlocked:             264 kB
SwapTotal:      19706876 kB
SwapFree:       19702256 kB
Dirty:              1280 kB
Writeback:             0 kB
AnonPages:       3982672 kB
Mapped:          2780640 kB
Shmem:             77272 kB
Slab:             228908 kB
SReclaimable:     118304 kB
SUnreclaim:       110604 kB
KernelStack:       15344 kB
PageTables:        78312 kB
NFS_Unstable:          0 kB
Bounce:                0 kB
WritebackTmp:          0 kB
CommitLimit:    23751496 kB
Committed_AS:   12169852 kB
VmallocTotal:   34359738367 kB
VmallocUsed:           0 kB
VmallocChunk:          0 kB
HardwareCorrupted:     0 kB
AnonHugePages:         0 kB
ShmemHugePages:        0 kB
ShmemPmdMapped:        0 kB
CmaTotal:              0 kB
CmaFree:               0 kB
HugePages_Total:       0
HugePages_Free:        0
HugePages_Rsvd:        0
HugePages_Surp:        0
Hugepagesize:       2048 kB
DirectMap4k:      461568 kB
DirectMap2M:     6799360 kB
DirectMap1G:     2097152 kB

container (cgroup) information:
container_type: cgroupv1
cpu_cpuset_cpus: 0-3
cpu_memory_nodes: 0
active_processor_count: 4
cpu_quota: -1
cpu_period: 100000
cpu_shares: -1
memory_limit_in_bytes: -1
memory_and_swap_limit_in_bytes: -2
memory_soft_limit_in_bytes: -1
memory_usage_in_bytes: 6927196160
memory_max_usage_in_bytes: 6927196160


CPU:total 4 (initial active 4) (2 cores per cpu, 2 threads per core) family 6 model 61 stepping 4, cmov, cx8, fxsr, mmx, sse, sse2, sse3, ssse3, sse4.1, sse4.2, popcnt, avx, avx2, aes, clmul, erms, 3dnowpref, lzcnt, ht, tsc, tscinvbit, bmi1, bmi2, adx

/proc/cpuinfo:
processor	: 0
vendor_id	: GenuineIntel
cpu family	: 6
model		: 61
model name	: Intel(R) Core(TM) i3-5010U CPU @ 2.10GHz
stepping	: 4
microcode	: 0x2b
cpu MHz		: 1995.433
cache size	: 3072 KB
physical id	: 0
siblings	: 4
core id		: 0
cpu cores	: 2
apicid		: 0
initial apicid	: 0
fpu		: yes
fpu_exception	: yes
cpuid level	: 20
wp		: yes
flags		: fpu vme de pse tsc msr pae mce cx8 apic sep mtrr pge mca cmov pat pse36 clflush dts acpi mmx fxsr sse sse2 ss ht tm pbe syscall nx pdpe1gb rdtscp lm constant_tsc arch_perfmon pebs bts rep_good nopl xtopology nonstop_tsc cpuid aperfmperf pni pclmulqdq dtes64 monitor ds_cpl vmx est tm2 ssse3 sdbg fma cx16 xtpr pdcm pcid sse4_1 sse4_2 x2apic movbe popcnt tsc_deadline_timer aes xsave avx f16c rdrand lahf_lm abm 3dnowprefetch cpuid_fault epb invpcid_single pti ssbd ibrs ibpb stibp tpr_shadow vnmi flexpriority ept vpid fsgsbase tsc_adjust bmi1 avx2 smep bmi2 erms invpcid rdseed adx smap intel_pt xsaveopt dtherm arat pln pts flush_l1d
bugs		: cpu_meltdown spectre_v1 spectre_v2 spec_store_bypass l1tf
bogomips	: 4190.41
clflush size	: 64
cache_alignment	: 64
address sizes	: 39 bits physical, 48 bits virtual
power management:

processor	: 1
vendor_id	: GenuineIntel
cpu family	: 6
model		: 61
model name	: Intel(R) Core(TM) i3-5010U CPU @ 2.10GHz
stepping	: 4
microcode	: 0x2b
cpu MHz		: 1995.433
cache size	: 3072 KB
physical id	: 0
siblings	: 4
core id		: 1
cpu cores	: 2
apicid		: 2
initial apicid	: 2
fpu		: yes
fpu_exception	: yes
cpuid level	: 20
wp		: yes
flags		: fpu vme de pse tsc msr pae mce cx8 apic sep mtrr pge mca cmov pat pse36 clflush dts acpi mmx fxsr sse sse2 ss ht tm pbe syscall nx pdpe1gb rdtscp lm constant_tsc arch_perfmon pebs bts rep_good nopl xtopology nonstop_tsc cpuid aperfmperf pni pclmulqdq dtes64 monitor ds_cpl vmx est tm2 ssse3 sdbg fma cx16 xtpr pdcm pcid sse4_1 sse4_2 x2apic movbe popcnt tsc_deadline_timer aes xsave avx f16c rdrand lahf_lm abm 3dnowprefetch cpuid_fault epb invpcid_single pti ssbd ibrs ibpb stibp tpr_shadow vnmi flexpriority ept vpid fsgsbase tsc_adjust bmi1 avx2 smep bmi2 erms invpcid rdseed adx smap intel_pt xsaveopt dtherm arat pln pts flush_l1d
bugs		: cpu_meltdown spectre_v1 spectre_v2 spec_store_bypass l1tf
bogomips	: 4190.41
clflush size	: 64
cache_alignment	: 64
address sizes	: 39 bits physical, 48 bits virtual
power management:

processor	: 2
vendor_id	: GenuineIntel
cpu family	: 6
model		: 61
model name	: Intel(R) Core(TM) i3-5010U CPU @ 2.10GHz
stepping	: 4
microcode	: 0x2b
cpu MHz		: 1995.432
cache size	: 3072 KB
physical id	: 0
siblings	: 4
core id		: 0
cpu cores	: 2
apicid		: 1
initial apicid	: 1
fpu		: yes
fpu_exception	: yes
cpuid level	: 20
wp		: yes
flags		: fpu vme de pse tsc msr pae mce cx8 apic sep mtrr pge mca cmov pat pse36 clflush dts acpi mmx fxsr sse sse2 ss ht tm pbe syscall nx pdpe1gb rdtscp lm constant_tsc arch_perfmon pebs bts rep_good nopl xtopology nonstop_tsc cpuid aperfmperf pni pclmulqdq dtes64 monitor ds_cpl vmx est tm2 ssse3 sdbg fma cx16 xtpr pdcm pcid sse4_1 sse4_2 x2apic movbe popcnt tsc_deadline_timer aes xsave avx f16c rdrand lahf_lm abm 3dnowprefetch cpuid_fault epb invpcid_single pti ssbd ibrs ibpb stibp tpr_shadow vnmi flexpriority ept vpid fsgsbase tsc_adjust bmi1 avx2 smep bmi2 erms invpcid rdseed adx smap intel_pt xsaveopt dtherm arat pln pts flush_l1d
bugs		: cpu_meltdown spectre_v1 spectre_v2 spec_store_bypass l1tf
bogomips	: 4190.41
clflush size	: 64
cache_alignment	: 64
address sizes	: 39 bits physical, 48 bits virtual
power management:

processor	: 3
vendor_id	: GenuineIntel
cpu family	: 6
model		: 61
model name	: Intel(R) Core(TM) i3-5010U CPU @ 2.10GHz
stepping	: 4
microcode	: 0x2b
cpu MHz		: 1995.434
cache size	: 3072 KB
physical id	: 0
siblings	: 4
core id		: 1
cpu cores	: 2
apicid		: 3
initial apicid	: 3
fpu		: yes
fpu_exception	: yes
cpuid level	: 20
wp		: yes
flags		: fpu vme de pse tsc msr pae mce cx8 apic sep mtrr pge mca cmov pat pse36 clflush dts acpi mmx fxsr sse sse2 ss ht tm pbe syscall nx pdpe1gb rdtscp lm constant_tsc arch_perfmon pebs bts rep_good nopl xtopology nonstop_tsc cpuid aperfmperf pni pclmulqdq dtes64 monitor ds_cpl vmx est tm2 ssse3 sdbg fma cx16 xtpr pdcm pcid sse4_1 sse4_2 x2apic movbe popcnt tsc_deadline_timer aes xsave avx f16c rdrand lahf_lm abm 3dnowprefetch cpuid_fault epb invpcid_single pti ssbd ibrs ibpb stibp tpr_shadow vnmi flexpriority ept vpid fsgsbase tsc_adjust bmi1 avx2 smep bmi2 erms invpcid rdseed adx smap intel_pt xsaveopt dtherm arat pln pts flush_l1d
bugs		: cpu_meltdown spectre_v1 spectre_v2 spec_store_bypass l1tf
bogomips	: 4190.41
clflush size	: 64
cache_alignment	: 64
address sizes	: 39 bits physical, 48 bits virtual
power management:



Memory: 4k page, physical 8089244k(143672k free), swap 19706876k(19702256k free)

vm_info: OpenJDK 64-Bit Server VM (25.191-b12) for linux-amd64 JRE (1.8.0_191-8u191-b12-0ubuntu0.18.04.1-b12), built on Nov 20 2018 01:07:58 by "buildd" with gcc 7.3.0

time: Thu Dec 13 05:32:46 2018
elapsed time: 6 seconds (0d 0h 0m 6s)

